#
# There is insufficient memory for the Java Runtime Environment to continue.
# Native memory allocation (malloc) failed to allocate 440976 bytes for Chunk::new
# Possible reasons:
#   The system is out of physical RAM or swap space
#   The process is running with CompressedOops enabled, and the Java Heap may be blocking the growth of the native heap
# Possible solutions:
#   Reduce memory load on the system
#   Increase physical memory or swap space
#   Check if swap backing store is full
#   Decrease Java heap size (-Xmx/-Xms)
#   Decrease number of Java threads
#   Decrease Java thread stack sizes (-Xss)
#   Set larger code cache with -XX:ReservedCodeCacheSize=
#   JVM is running with Unscaled Compressed Oops mode in which the Java heap is
#     placed in the first 4GB address space. The Java Heap base address is the
#     maximum limit for the native heap growth. Please use -XX:HeapBaseMinAddress
#     to set the Java Heap base and to place the Java Heap above 4GB virtual address.
# This output file may be truncated or incomplete.
#
#  Out of Memory Error (./src/hotspot/share/memory/arena.cpp:197), pid=33448, tid=30740
#
# JRE version: OpenJDK Runtime Environment (11.0.12+7) (build 11.0.12+7-b1504.28-7817840)
# Java VM: OpenJDK 64-Bit Server VM (11.0.12+7-b1504.28-7817840, mixed mode, tiered, compressed oops, g1 gc, windows-amd64)
# No core dump will be written. Minidumps are not enabled by default on client versions of Windows
#

---------------  S U M M A R Y ------------

Command Line: --add-opens=java.base/java.util=ALL-UNNAMED --add-opens=java.base/java.lang=ALL-UNNAMED --add-opens=java.base/java.lang.invoke=ALL-UNNAMED --add-opens=java.base/java.util=ALL-UNNAMED --add-opens=java.prefs/java.util.prefs=ALL-UNNAMED --add-opens=java.prefs/java.util.prefs=ALL-UNNAMED --add-opens=java.base/java.nio.charset=ALL-UNNAMED --add-opens=java.base/java.net=ALL-UNNAMED --add-opens=java.base/java.util.concurrent.atomic=ALL-UNNAMED -Xmx1536M -Dfile.encoding=windows-1252 -Duser.country=IN -Duser.language=en -Duser.variant org.gradle.launcher.daemon.bootstrap.GradleDaemon 7.4

Host: AMD Ryzen 5 5600H with Radeon Graphics         , 12 cores, 7G,  Windows 10 , 64 bit Build 22621 (10.0.22621.1485)
Time: Tue May 16 22:54:45 2023 India Standard Time elapsed time: 26.133318 seconds (0d 0h 0m 26s)

---------------  T H R E A D  ---------------

Current thread (0x000001995d0ab800):  JavaThread "C2 CompilerThread0" daemon [_thread_in_native, id=30740, stack(0x0000003dc2200000,0x0000003dc2300000)]


Current CompileTask:
C2:  26133 9324       4       org.gradle.internal.logging.text.AbstractLineChoppingStyledTextOutput::doAppend (43 bytes)

Stack: [0x0000003dc2200000,0x0000003dc2300000]
Native frames: (J=compiled Java code, j=interpreted, Vv=VM code, C=native code)
V  [jvm.dll+0x5fbcea]
V  [jvm.dll+0x731905]
V  [jvm.dll+0x732f1d]
V  [jvm.dll+0x7335d3]
V  [jvm.dll+0x247bf8]
V  [jvm.dll+0xc018c]
V  [jvm.dll+0xc06cc]
V  [jvm.dll+0x35b2db]
V  [jvm.dll+0x328803]
V  [jvm.dll+0x327cfa]
V  [jvm.dll+0x200602]
V  [jvm.dll+0x1ff794]
V  [jvm.dll+0x18868c]
V  [jvm.dll+0x20e0d7]
V  [jvm.dll+0x20c901]
V  [jvm.dll+0x6f9b7f]
V  [jvm.dll+0x6f26a5]
V  [jvm.dll+0x5fabf6]
C  [ucrtbase.dll+0x29363]
C  [KERNEL32.DLL+0x1269d]
C  [ntdll.dll+0x5a9f8]


---------------  P R O C E S S  ---------------

Threads class SMR info:
_java_thread_list=0x00000199679062a0, length=183, elements={
0x0000019941b10000, 0x000001995d088000, 0x000001995d089000, 0x000001995d0a5000,
0x000001995d0a9000, 0x000001995d0aa000, 0x000001995d0ab800, 0x000001995d0ac800,
0x000001995d0ae800, 0x000001995db6f000, 0x000001995e9a6000, 0x000001995ead2000,
0x000001995efce800, 0x000001995ea8f000, 0x000001995f23b000, 0x000001995eaa1800,
0x000001995e872800, 0x000001995f171800, 0x000001995f402800, 0x000001995fbd5800,
0x000001995fbd3800, 0x000001995fbd6800, 0x000001995fbd8000, 0x000001995fbd7800,
0x000001995fbd2800, 0x000001995fbd4000, 0x000001995fbd5000, 0x000001995fbd9000,
0x00000199603f4800, 0x00000199603f5800, 0x00000199603f6800, 0x00000199603f2800,
0x00000199603f4000, 0x00000199603f9000, 0x00000199603f3000, 0x00000199603fd800,
0x00000199603fb800, 0x00000199603fe800, 0x00000199603ff800, 0x00000199603fa800,
0x00000199603f9800, 0x00000199603fd000, 0x0000019960400000, 0x0000019960401000,
0x00000199603fc000, 0x00000199622c5800, 0x00000199622c2000, 0x00000199622c4000,
0x00000199622c4800, 0x00000199622c0000, 0x00000199622c6800, 0x00000199622c3000,
0x00000199622c0800, 0x00000199622c7000, 0x00000199622c1800, 0x00000199622c9800,
0x00000199622ca800, 0x00000199622c8000, 0x00000199622cb000, 0x00000199622cc000,
0x00000199622cd000, 0x00000199622cd800, 0x00000199622ce800, 0x00000199622c8800,
0x00000199624d1000, 0x00000199624ce800, 0x00000199624d0000, 0x00000199624cf000,
0x00000199624cc800, 0x00000199624d1800, 0x00000199624cd800, 0x00000199624cc000,
0x00000199624d8000, 0x00000199624d2800, 0x00000199624d5800, 0x00000199624d7800,
0x00000199624d9000, 0x00000199624d3000, 0x00000199624da000, 0x00000199624d4000,
0x00000199624da800, 0x00000199624d5000, 0x00000199624d6800, 0x00000199626af800,
0x00000199626b4000, 0x00000199626ae000, 0x00000199626b2000, 0x00000199626b0800,
0x00000199626b3000, 0x00000199626b1800, 0x00000199626af000, 0x00000199626b8800,
0x00000199626b7000, 0x00000199626b9800, 0x00000199626b8000, 0x00000199626ba800,
0x00000199626b5800, 0x00000199626b4800, 0x00000199626b6800, 0x00000199626bd000,
0x00000199626bb000, 0x00000199626bc000, 0x00000199640d4000, 0x00000199640d5000,
0x00000199640d6800, 0x00000199640d5800, 0x00000199640d7800, 0x00000199640d8000,
0x00000199640d9000, 0x00000199640d3000, 0x00000199640dd000, 0x00000199640de800,
0x00000199640de000, 0x00000199640df800, 0x00000199640d9800, 0x00000199640da800,
0x00000199640e0000, 0x00000199640dc000, 0x00000199640db800, 0x00000199640e1000,
0x00000199640e2000, 0x0000019964658000, 0x0000019964659000, 0x0000019964659800,
0x000001996465c000, 0x000001996465a800, 0x0000019964657800, 0x000001996465e000,
0x000001996465e800, 0x000001996465d000, 0x000001996465b800, 0x000001996465f800,
0x0000019964660800, 0x0000019964663800, 0x0000019964661000, 0x0000019964662000,
0x0000019964665000, 0x0000019964664800, 0x0000019964662800, 0x0000019964666000,
0x0000019964125800, 0x0000019964129000, 0x0000019964124000, 0x0000019964125000,
0x0000019964128000, 0x0000019964123000, 0x0000019964126800, 0x000001996412b800,
0x0000019964129800, 0x000001996412a800, 0x000001996412c000, 0x000001996412d000,
0x0000019964127800, 0x0000019964130800, 0x0000019964131000, 0x0000019964132000,
0x000001996412e800, 0x000001996412e000, 0x000001996412f800, 0x0000019962b38800,
0x0000019962b3a000, 0x0000019962b3b000, 0x0000019962b39800, 0x0000019962b37800,
0x0000019962b3c000, 0x0000019962b3c800, 0x0000019962b37000, 0x0000019962b42800,
0x0000019962b43000, 0x0000019962b3d800, 0x0000019962b44000, 0x0000019962b3f000,
0x0000019962b40000, 0x0000019962b3e800, 0x0000019962b45000, 0x0000019962b45800,
0x0000019962b40800, 0x0000019965d50000, 0x0000019965d53000, 0x0000019965d4d800,
0x0000019965d4f000, 0x0000019965d54000, 0x0000019965d51000
}

Java Threads: ( => current thread )
  0x0000019941b10000 JavaThread "main" [_thread_blocked, id=30240, stack(0x0000003dc1600000,0x0000003dc1700000)]
  0x000001995d088000 JavaThread "Reference Handler" daemon [_thread_blocked, id=24148, stack(0x0000003dc1d00000,0x0000003dc1e00000)]
  0x000001995d089000 JavaThread "Finalizer" daemon [_thread_blocked, id=32632, stack(0x0000003dc1e00000,0x0000003dc1f00000)]
  0x000001995d0a5000 JavaThread "Signal Dispatcher" daemon [_thread_blocked, id=28108, stack(0x0000003dc1f00000,0x0000003dc2000000)]
  0x000001995d0a9000 JavaThread "Attach Listener" daemon [_thread_blocked, id=29068, stack(0x0000003dc2000000,0x0000003dc2100000)]
  0x000001995d0aa000 JavaThread "Service Thread" daemon [_thread_blocked, id=8060, stack(0x0000003dc2100000,0x0000003dc2200000)]
=>0x000001995d0ab800 JavaThread "C2 CompilerThread0" daemon [_thread_in_native, id=30740, stack(0x0000003dc2200000,0x0000003dc2300000)]
  0x000001995d0ac800 JavaThread "C1 CompilerThread0" daemon [_thread_blocked, id=24924, stack(0x0000003dc2300000,0x0000003dc2400000)]
  0x000001995d0ae800 JavaThread "Sweeper thread" daemon [_thread_blocked, id=32412, stack(0x0000003dc2400000,0x0000003dc2500000)]
  0x000001995db6f000 JavaThread "Common-Cleaner" daemon [_thread_blocked, id=8200, stack(0x0000003dc2500000,0x0000003dc2600000)]
  0x000001995e9a6000 JavaThread "Daemon health stats" [_thread_blocked, id=30484, stack(0x0000003dc2800000,0x0000003dc2900000)]
  0x000001995ead2000 JavaThread "Incoming local TCP Connector on port 9494" [_thread_in_native, id=17060, stack(0x0000003dc2900000,0x0000003dc2a00000)]
  0x000001995efce800 JavaThread "Daemon periodic checks" [_thread_blocked, id=31760, stack(0x0000003dc2a00000,0x0000003dc2b00000)]
  0x000001995ea8f000 JavaThread "Daemon" [_thread_blocked, id=32788, stack(0x0000003dc2b00000,0x0000003dc2c00000)]
  0x000001995f23b000 JavaThread "Handler for socket connection from /127.0.0.1:9494 to /127.0.0.1:9495" [_thread_in_native, id=22492, stack(0x0000003dc2c00000,0x0000003dc2d00000)]
  0x000001995eaa1800 JavaThread "Cancel handler" [_thread_blocked, id=28088, stack(0x0000003dc2d00000,0x0000003dc2e00000)]
  0x000001995e872800 JavaThread "Daemon worker" [_thread_blocked, id=13368, stack(0x0000003dc2e00000,0x0000003dc2f00000)]
  0x000001995f171800 JavaThread "Asynchronous log dispatcher for DefaultDaemonConnection: socket connection from /127.0.0.1:9494 to /127.0.0.1:9495" [_thread_blocked, id=32128, stack(0x0000003dc2f00000,0x0000003dc3000000)]
  0x000001995f402800 JavaThread "Stdin handler" [_thread_blocked, id=29276, stack(0x0000003dc3000000,0x0000003dc3100000)]
  0x000001995fbd5800 JavaThread "Daemon client event forwarder" [_thread_blocked, id=5976, stack(0x0000003dc3a00000,0x0000003dc3b00000)]
  0x000001995fbd3800 JavaThread "Cache worker for journal cache (C:\Users\abina\.gradle\caches\journal-1)" [_thread_blocked, id=3564, stack(0x0000003dc3b00000,0x0000003dc3c00000)]
  0x000001995fbd6800 JavaThread "File lock request listener" [_thread_in_native, id=24204, stack(0x0000003dc3c00000,0x0000003dc3d00000)]
  0x000001995fbd8000 JavaThread "Cache worker for file hash cache (C:\Users\abina\.gradle\caches\7.4\fileHashes)" [_thread_blocked, id=31216, stack(0x0000003dc3d00000,0x0000003dc3e00000)]
  0x000001995fbd7800 JavaThread "File watcher server" daemon [_thread_in_native, id=13556, stack(0x0000003dc4000000,0x0000003dc4100000)]
  0x000001995fbd2800 JavaThread "File watcher consumer" daemon [_thread_blocked, id=4216, stack(0x0000003dc4100000,0x0000003dc4200000)]
  0x000001995fbd4000 JavaThread "Cache worker for checksums cache (C:\Users\abina\StudioProjects\abin_second_app\android\.gradle\7.4\checksums)" [_thread_blocked, id=9592, stack(0x0000003dc4200000,0x0000003dc4300000)]
  0x000001995fbd5000 JavaThread "Cache worker for cache directory md-rule (C:\Users\abina\.gradle\caches\7.4\md-rule)" [_thread_blocked, id=33068, stack(0x0000003dc4300000,0x0000003dc4400000)]
  0x000001995fbd9000 JavaThread "Cache worker for file hash cache (C:\Users\abina\StudioProjects\abin_second_app\android\.gradle\7.4\fileHashes)" [_thread_blocked, id=32988, stack(0x0000003dc4400000,0x0000003dc4500000)]
  0x00000199603f4800 JavaThread "Cache worker for cache directory md-supplier (C:\Users\abina\.gradle\caches\7.4\md-supplier)" [_thread_blocked, id=31372, stack(0x0000003dc4500000,0x0000003dc4600000)]
  0x00000199603f5800 JavaThread "Cache worker for execution history cache (C:\Users\abina\.gradle\caches\7.4\executionHistory)" [_thread_blocked, id=17180, stack(0x0000003dc4600000,0x0000003dc4700000)]
  0x00000199603f6800 JavaThread "jar transforms" [_thread_blocked, id=25852, stack(0x0000003dc4700000,0x0000003dc4800000)]
  0x00000199603f2800 JavaThread "jar transforms Thread 2" [_thread_blocked, id=23492, stack(0x0000003dc4800000,0x0000003dc4900000)]
  0x00000199603f4000 JavaThread "Cache worker for file content cache (C:\Users\abina\.gradle\caches\7.4\fileContent)" [_thread_blocked, id=32556, stack(0x0000003dc4900000,0x0000003dc4a00000)]
  0x00000199603f9000 JavaThread "jar transforms Thread 3" [_thread_blocked, id=31272, stack(0x0000003dc4a00000,0x0000003dc4b00000)]
  0x00000199603f3000 JavaThread "jar transforms Thread 4" [_thread_blocked, id=20828, stack(0x0000003dc4b00000,0x0000003dc4c00000)]
  0x00000199603fd800 JavaThread "Cache worker for dependencies-accessors (C:\Users\abina\StudioProjects\abin_second_app\android\.gradle\7.4\dependencies-accessors)" [_thread_blocked, id=15168, stack(0x0000003dc4c00000,0x0000003dc4d00000)]
  0x00000199603fb800 JavaThread "jar transforms Thread 5" [_thread_blocked, id=30052, stack(0x0000003dc4d00000,0x0000003dc4e00000)]
  0x00000199603fe800 JavaThread "Cache worker for Build Output Cleanup Cache (C:\Users\abina\StudioProjects\abin_second_app\android\.gradle\buildOutputCleanup)" [_thread_blocked, id=28772, stack(0x0000003dc4e00000,0x0000003dc4f00000)]
  0x00000199603ff800 JavaThread "Unconstrained build operations" [_thread_blocked, id=26048, stack(0x0000003dc4f00000,0x0000003dc5000000)]
  0x00000199603fa800 JavaThread "Unconstrained build operations Thread 2" [_thread_blocked, id=7404, stack(0x0000003dc5000000,0x0000003dc5100000)]
  0x00000199603f9800 JavaThread "Unconstrained build operations Thread 3" [_thread_blocked, id=12976, stack(0x0000003dc5100000,0x0000003dc5200000)]
  0x00000199603fd000 JavaThread "Unconstrained build operations Thread 4" [_thread_blocked, id=18912, stack(0x0000003dc5200000,0x0000003dc5300000)]
  0x0000019960400000 JavaThread "Unconstrained build operations Thread 5" [_thread_blocked, id=32320, stack(0x0000003dc5300000,0x0000003dc5400000)]
  0x0000019960401000 JavaThread "Unconstrained build operations Thread 6" [_thread_blocked, id=18136, stack(0x0000003dc5400000,0x0000003dc5500000)]
  0x00000199603fc000 JavaThread "Unconstrained build operations Thread 7" [_thread_blocked, id=17112, stack(0x0000003dc5500000,0x0000003dc5600000)]
  0x00000199622c5800 JavaThread "Unconstrained build operations Thread 8" [_thread_blocked, id=7624, stack(0x0000003dc5600000,0x0000003dc5700000)]
  0x00000199622c2000 JavaThread "Unconstrained build operations Thread 9" [_thread_blocked, id=32792, stack(0x0000003dc5700000,0x0000003dc5800000)]
  0x00000199622c4000 JavaThread "Unconstrained build operations Thread 10" [_thread_blocked, id=21492, stack(0x0000003dc5800000,0x0000003dc5900000)]
  0x00000199622c4800 JavaThread "Unconstrained build operations Thread 11" [_thread_blocked, id=31508, stack(0x0000003dc5900000,0x0000003dc5a00000)]
  0x00000199622c0000 JavaThread "Unconstrained build operations Thread 12" [_thread_blocked, id=5604, stack(0x0000003dc5a00000,0x0000003dc5b00000)]
  0x00000199622c6800 JavaThread "Unconstrained build operations Thread 13" [_thread_blocked, id=14480, stack(0x0000003dc5b00000,0x0000003dc5c00000)]
  0x00000199622c3000 JavaThread "Unconstrained build operations Thread 14" [_thread_blocked, id=20488, stack(0x0000003dc5c00000,0x0000003dc5d00000)]
  0x00000199622c0800 JavaThread "Unconstrained build operations Thread 15" [_thread_blocked, id=3524, stack(0x0000003dc5d00000,0x0000003dc5e00000)]
  0x00000199622c7000 JavaThread "Unconstrained build operations Thread 16" [_thread_blocked, id=31588, stack(0x0000003dc5e00000,0x0000003dc5f00000)]
  0x00000199622c1800 JavaThread "Unconstrained build operations Thread 17" [_thread_blocked, id=26072, stack(0x0000003dc5f00000,0x0000003dc6000000)]
  0x00000199622c9800 JavaThread "Unconstrained build operations Thread 18" [_thread_blocked, id=19544, stack(0x0000003dc6000000,0x0000003dc6100000)]
  0x00000199622ca800 JavaThread "Unconstrained build operations Thread 19" [_thread_blocked, id=23104, stack(0x0000003dc6100000,0x0000003dc6200000)]
  0x00000199622c8000 JavaThread "Unconstrained build operations Thread 20" [_thread_blocked, id=27660, stack(0x0000003dc6200000,0x0000003dc6300000)]
  0x00000199622cb000 JavaThread "Unconstrained build operations Thread 21" [_thread_blocked, id=28000, stack(0x0000003dc6300000,0x0000003dc6400000)]
  0x00000199622cc000 JavaThread "Unconstrained build operations Thread 22" [_thread_blocked, id=24112, stack(0x0000003dc6400000,0x0000003dc6500000)]
  0x00000199622cd000 JavaThread "Unconstrained build operations Thread 23" [_thread_blocked, id=9324, stack(0x0000003dc6500000,0x0000003dc6600000)]
  0x00000199622cd800 JavaThread "Unconstrained build operations Thread 24" [_thread_blocked, id=12620, stack(0x0000003dc6600000,0x0000003dc6700000)]
  0x00000199622ce800 JavaThread "Unconstrained build operations Thread 25" [_thread_blocked, id=25376, stack(0x0000003dc6700000,0x0000003dc6800000)]
  0x00000199622c8800 JavaThread "Unconstrained build operations Thread 26" [_thread_blocked, id=6436, stack(0x0000003dc6800000,0x0000003dc6900000)]
  0x00000199624d1000 JavaThread "Unconstrained build operations Thread 27" [_thread_blocked, id=28424, stack(0x0000003dc6900000,0x0000003dc6a00000)]
  0x00000199624ce800 JavaThread "Unconstrained build operations Thread 28" [_thread_blocked, id=33180, stack(0x0000003dc6a00000,0x0000003dc6b00000)]
  0x00000199624d0000 JavaThread "Unconstrained build operations Thread 29" [_thread_blocked, id=32720, stack(0x0000003dc6b00000,0x0000003dc6c00000)]
  0x00000199624cf000 JavaThread "Unconstrained build operations Thread 30" [_thread_blocked, id=3788, stack(0x0000003dc6c00000,0x0000003dc6d00000)]
  0x00000199624cc800 JavaThread "Unconstrained build operations Thread 31" [_thread_blocked, id=8052, stack(0x0000003dc6d00000,0x0000003dc6e00000)]
  0x00000199624d1800 JavaThread "Unconstrained build operations Thread 32" [_thread_blocked, id=29868, stack(0x0000003dc6e00000,0x0000003dc6f00000)]
  0x00000199624cd800 JavaThread "Unconstrained build operations Thread 33" [_thread_blocked, id=15976, stack(0x0000003dc6f00000,0x0000003dc7000000)]
  0x00000199624cc000 JavaThread "Unconstrained build operations Thread 34" [_thread_blocked, id=18368, stack(0x0000003dc7000000,0x0000003dc7100000)]
  0x00000199624d8000 JavaThread "Unconstrained build operations Thread 35" [_thread_blocked, id=29552, stack(0x0000003dc7100000,0x0000003dc7200000)]
  0x00000199624d2800 JavaThread "Unconstrained build operations Thread 36" [_thread_blocked, id=12812, stack(0x0000003dc7200000,0x0000003dc7300000)]
  0x00000199624d5800 JavaThread "Unconstrained build operations Thread 37" [_thread_blocked, id=25588, stack(0x0000003dc7300000,0x0000003dc7400000)]
  0x00000199624d7800 JavaThread "Unconstrained build operations Thread 38" [_thread_blocked, id=18896, stack(0x0000003dc7400000,0x0000003dc7500000)]
  0x00000199624d9000 JavaThread "Unconstrained build operations Thread 39" [_thread_blocked, id=13736, stack(0x0000003dc7500000,0x0000003dc7600000)]
  0x00000199624d3000 JavaThread "Unconstrained build operations Thread 40" [_thread_blocked, id=7396, stack(0x0000003dc7600000,0x0000003dc7700000)]
  0x00000199624da000 JavaThread "Unconstrained build operations Thread 41" [_thread_blocked, id=6276, stack(0x0000003dc7700000,0x0000003dc7800000)]
  0x00000199624d4000 JavaThread "Unconstrained build operations Thread 42" [_thread_blocked, id=15736, stack(0x0000003dc7800000,0x0000003dc7900000)]
  0x00000199624da800 JavaThread "Unconstrained build operations Thread 43" [_thread_blocked, id=19752, stack(0x0000003dc7900000,0x0000003dc7a00000)]
  0x00000199624d5000 JavaThread "Unconstrained build operations Thread 44" [_thread_blocked, id=27896, stack(0x0000003dc7a00000,0x0000003dc7b00000)]
  0x00000199624d6800 JavaThread "Unconstrained build operations Thread 45" [_thread_blocked, id=31376, stack(0x0000003dc7b00000,0x0000003dc7c00000)]
  0x00000199626af800 JavaThread "Unconstrained build operations Thread 46" [_thread_blocked, id=21760, stack(0x0000003dc7c00000,0x0000003dc7d00000)]
  0x00000199626b4000 JavaThread "Unconstrained build operations Thread 47" [_thread_blocked, id=19604, stack(0x0000003dc7d00000,0x0000003dc7e00000)]
  0x00000199626ae000 JavaThread "Unconstrained build operations Thread 48" [_thread_blocked, id=7756, stack(0x0000003dc7e00000,0x0000003dc7f00000)]
  0x00000199626b2000 JavaThread "Unconstrained build operations Thread 49" [_thread_blocked, id=23976, stack(0x0000003dc7f00000,0x0000003dc8000000)]
  0x00000199626b0800 JavaThread "Unconstrained build operations Thread 50" [_thread_blocked, id=33060, stack(0x0000003dc8000000,0x0000003dc8100000)]
  0x00000199626b3000 JavaThread "Unconstrained build operations Thread 51" [_thread_blocked, id=29676, stack(0x0000003dc8100000,0x0000003dc8200000)]
  0x00000199626b1800 JavaThread "Unconstrained build operations Thread 52" [_thread_blocked, id=22100, stack(0x0000003dc8200000,0x0000003dc8300000)]
  0x00000199626af000 JavaThread "Unconstrained build operations Thread 53" [_thread_blocked, id=26588, stack(0x0000003dc8300000,0x0000003dc8400000)]
  0x00000199626b8800 JavaThread "Unconstrained build operations Thread 54" [_thread_blocked, id=20584, stack(0x0000003dc8400000,0x0000003dc8500000)]
  0x00000199626b7000 JavaThread "Unconstrained build operations Thread 55" [_thread_blocked, id=25616, stack(0x0000003dc8500000,0x0000003dc8600000)]
  0x00000199626b9800 JavaThread "Unconstrained build operations Thread 56" [_thread_blocked, id=19964, stack(0x0000003dc8600000,0x0000003dc8700000)]
  0x00000199626b8000 JavaThread "Unconstrained build operations Thread 57" [_thread_blocked, id=17928, stack(0x0000003dc8700000,0x0000003dc8800000)]
  0x00000199626ba800 JavaThread "Unconstrained build operations Thread 58" [_thread_blocked, id=21948, stack(0x0000003dc8800000,0x0000003dc8900000)]
  0x00000199626b5800 JavaThread "Unconstrained build operations Thread 59" [_thread_blocked, id=16244, stack(0x0000003dc8900000,0x0000003dc8a00000)]
  0x00000199626b4800 JavaThread "Unconstrained build operations Thread 60" [_thread_blocked, id=12836, stack(0x0000003dc8a00000,0x0000003dc8b00000)]
  0x00000199626b6800 JavaThread "Unconstrained build operations Thread 61" [_thread_blocked, id=23404, stack(0x0000003dc8b00000,0x0000003dc8c00000)]
  0x00000199626bd000 JavaThread "Unconstrained build operations Thread 62" [_thread_blocked, id=19116, stack(0x0000003dc8c00000,0x0000003dc8d00000)]
  0x00000199626bb000 JavaThread "Unconstrained build operations Thread 63" [_thread_blocked, id=2688, stack(0x0000003dc8d00000,0x0000003dc8e00000)]
  0x00000199626bc000 JavaThread "Unconstrained build operations Thread 64" [_thread_blocked, id=32000, stack(0x0000003dc8e00000,0x0000003dc8f00000)]
  0x00000199640d4000 JavaThread "Unconstrained build operations Thread 65" [_thread_blocked, id=31680, stack(0x0000003dc8f00000,0x0000003dc9000000)]
  0x00000199640d5000 JavaThread "Unconstrained build operations Thread 66" [_thread_blocked, id=30016, stack(0x0000003dc9000000,0x0000003dc9100000)]
  0x00000199640d6800 JavaThread "Unconstrained build operations Thread 67" [_thread_blocked, id=30400, stack(0x0000003dc9100000,0x0000003dc9200000)]
  0x00000199640d5800 JavaThread "Unconstrained build operations Thread 68" [_thread_blocked, id=13408, stack(0x0000003dc9200000,0x0000003dc9300000)]
  0x00000199640d7800 JavaThread "Unconstrained build operations Thread 69" [_thread_blocked, id=29584, stack(0x0000003dc9300000,0x0000003dc9400000)]
  0x00000199640d8000 JavaThread "Unconstrained build operations Thread 70" [_thread_blocked, id=10548, stack(0x0000003dc9400000,0x0000003dc9500000)]
  0x00000199640d9000 JavaThread "Unconstrained build operations Thread 71" [_thread_blocked, id=22116, stack(0x0000003dc9500000,0x0000003dc9600000)]
  0x00000199640d3000 JavaThread "Unconstrained build operations Thread 72" [_thread_blocked, id=28596, stack(0x0000003dc9600000,0x0000003dc9700000)]
  0x00000199640dd000 JavaThread "Unconstrained build operations Thread 73" [_thread_blocked, id=15564, stack(0x0000003dc9700000,0x0000003dc9800000)]
  0x00000199640de800 JavaThread "Unconstrained build operations Thread 74" [_thread_blocked, id=23880, stack(0x0000003dc9800000,0x0000003dc9900000)]
  0x00000199640de000 JavaThread "Unconstrained build operations Thread 75" [_thread_blocked, id=9056, stack(0x0000003dc9900000,0x0000003dc9a00000)]
  0x00000199640df800 JavaThread "Unconstrained build operations Thread 76" [_thread_blocked, id=33076, stack(0x0000003dc9a00000,0x0000003dc9b00000)]
  0x00000199640d9800 JavaThread "Unconstrained build operations Thread 77" [_thread_blocked, id=13720, stack(0x0000003dc9b00000,0x0000003dc9c00000)]
  0x00000199640da800 JavaThread "Unconstrained build operations Thread 78" [_thread_blocked, id=1492, stack(0x0000003dc9c00000,0x0000003dc9d00000)]
  0x00000199640e0000 JavaThread "Unconstrained build operations Thread 79" [_thread_blocked, id=30304, stack(0x0000003dc9d00000,0x0000003dc9e00000)]
  0x00000199640dc000 JavaThread "Unconstrained build operations Thread 80" [_thread_blocked, id=32936, stack(0x0000003dc9e00000,0x0000003dc9f00000)]
  0x00000199640db800 JavaThread "Unconstrained build operations Thread 81" [_thread_blocked, id=32844, stack(0x0000003dc9f00000,0x0000003dca000000)]
  0x00000199640e1000 JavaThread "Unconstrained build operations Thread 82" [_thread_blocked, id=21008, stack(0x0000003dca000000,0x0000003dca100000)]
  0x00000199640e2000 JavaThread "Unconstrained build operations Thread 83" [_thread_blocked, id=20420, stack(0x0000003dca100000,0x0000003dca200000)]
  0x0000019964658000 JavaThread "Unconstrained build operations Thread 84" [_thread_blocked, id=10656, stack(0x0000003dca200000,0x0000003dca300000)]
  0x0000019964659000 JavaThread "Unconstrained build operations Thread 85" [_thread_blocked, id=19620, stack(0x0000003dca300000,0x0000003dca400000)]
  0x0000019964659800 JavaThread "Unconstrained build operations Thread 86" [_thread_blocked, id=21904, stack(0x0000003dca400000,0x0000003dca500000)]
  0x000001996465c000 JavaThread "Unconstrained build operations Thread 87" [_thread_blocked, id=21888, stack(0x0000003dca500000,0x0000003dca600000)]
  0x000001996465a800 JavaThread "Unconstrained build operations Thread 88" [_thread_blocked, id=23968, stack(0x0000003dca600000,0x0000003dca700000)]
  0x0000019964657800 JavaThread "Unconstrained build operations Thread 89" [_thread_blocked, id=8460, stack(0x0000003dca700000,0x0000003dca800000)]
  0x000001996465e000 JavaThread "Unconstrained build operations Thread 90" [_thread_blocked, id=10576, stack(0x0000003dca800000,0x0000003dca900000)]
  0x000001996465e800 JavaThread "Unconstrained build operations Thread 91" [_thread_blocked, id=24264, stack(0x0000003dca900000,0x0000003dcaa00000)]
  0x000001996465d000 JavaThread "Unconstrained build operations Thread 92" [_thread_blocked, id=26060, stack(0x0000003dcaa00000,0x0000003dcab00000)]
  0x000001996465b800 JavaThread "Unconstrained build operations Thread 93" [_thread_blocked, id=17516, stack(0x0000003dcab00000,0x0000003dcac00000)]
  0x000001996465f800 JavaThread "Unconstrained build operations Thread 94" [_thread_blocked, id=33052, stack(0x0000003dcac00000,0x0000003dcad00000)]
  0x0000019964660800 JavaThread "Unconstrained build operations Thread 95" [_thread_blocked, id=7904, stack(0x0000003dcad00000,0x0000003dcae00000)]
  0x0000019964663800 JavaThread "Unconstrained build operations Thread 96" [_thread_blocked, id=19212, stack(0x0000003dcae00000,0x0000003dcaf00000)]
  0x0000019964661000 JavaThread "Unconstrained build operations Thread 97" [_thread_blocked, id=31952, stack(0x0000003dcaf00000,0x0000003dcb000000)]
  0x0000019964662000 JavaThread "Unconstrained build operations Thread 98" [_thread_blocked, id=31496, stack(0x0000003dcb000000,0x0000003dcb100000)]
  0x0000019964665000 JavaThread "Unconstrained build operations Thread 99" [_thread_blocked, id=29432, stack(0x0000003dcb100000,0x0000003dcb200000)]
  0x0000019964664800 JavaThread "Unconstrained build operations Thread 100" [_thread_blocked, id=31972, stack(0x0000003dcb200000,0x0000003dcb300000)]
  0x0000019964662800 JavaThread "Unconstrained build operations Thread 101" [_thread_blocked, id=30752, stack(0x0000003dcb300000,0x0000003dcb400000)]
  0x0000019964666000 JavaThread "Unconstrained build operations Thread 102" [_thread_blocked, id=32456, stack(0x0000003dcb400000,0x0000003dcb500000)]
  0x0000019964125800 JavaThread "Unconstrained build operations Thread 103" [_thread_blocked, id=32488, stack(0x0000003dcb500000,0x0000003dcb600000)]
  0x0000019964129000 JavaThread "Unconstrained build operations Thread 104" [_thread_blocked, id=23944, stack(0x0000003dcb600000,0x0000003dcb700000)]
  0x0000019964124000 JavaThread "Unconstrained build operations Thread 105" [_thread_blocked, id=16288, stack(0x0000003dcb700000,0x0000003dcb800000)]
  0x0000019964125000 JavaThread "Unconstrained build operations Thread 106" [_thread_blocked, id=28524, stack(0x0000003dcb800000,0x0000003dcb900000)]
  0x0000019964128000 JavaThread "Unconstrained build operations Thread 107" [_thread_blocked, id=2388, stack(0x0000003dcb900000,0x0000003dcba00000)]
  0x0000019964123000 JavaThread "Unconstrained build operations Thread 108" [_thread_blocked, id=12500, stack(0x0000003dcba00000,0x0000003dcbb00000)]
  0x0000019964126800 JavaThread "Unconstrained build operations Thread 109" [_thread_blocked, id=20564, stack(0x0000003dcbb00000,0x0000003dcbc00000)]
  0x000001996412b800 JavaThread "Unconstrained build operations Thread 110" [_thread_blocked, id=8376, stack(0x0000003dcbc00000,0x0000003dcbd00000)]
  0x0000019964129800 JavaThread "Unconstrained build operations Thread 111" [_thread_blocked, id=27784, stack(0x0000003dcbd00000,0x0000003dcbe00000)]
  0x000001996412a800 JavaThread "Unconstrained build operations Thread 112" [_thread_blocked, id=19648, stack(0x0000003dcbe00000,0x0000003dcbf00000)]
  0x000001996412c000 JavaThread "Unconstrained build operations Thread 113" [_thread_blocked, id=6948, stack(0x0000003dcbf00000,0x0000003dcc000000)]
  0x000001996412d000 JavaThread "Unconstrained build operations Thread 114" [_thread_blocked, id=28500, stack(0x0000003dcc000000,0x0000003dcc100000)]
  0x0000019964127800 JavaThread "Unconstrained build operations Thread 115" [_thread_blocked, id=15128, stack(0x0000003dcc100000,0x0000003dcc200000)]
  0x0000019964130800 JavaThread "Unconstrained build operations Thread 116" [_thread_blocked, id=31756, stack(0x0000003dcc200000,0x0000003dcc300000)]
  0x0000019964131000 JavaThread "Unconstrained build operations Thread 117" [_thread_blocked, id=24852, stack(0x0000003dcc300000,0x0000003dcc400000)]
  0x0000019964132000 JavaThread "Unconstrained build operations Thread 118" [_thread_blocked, id=31332, stack(0x0000003dcc400000,0x0000003dcc500000)]
  0x000001996412e800 JavaThread "Unconstrained build operations Thread 119" [_thread_blocked, id=25076, stack(0x0000003dcc500000,0x0000003dcc600000)]
  0x000001996412e000 JavaThread "Unconstrained build operations Thread 120" [_thread_blocked, id=12484, stack(0x0000003dcc600000,0x0000003dcc700000)]
  0x000001996412f800 JavaThread "jar transforms Thread 6" [_thread_blocked, id=25008, stack(0x0000003dcc700000,0x0000003dcc800000)]
  0x0000019962b38800 JavaThread "jar transforms Thread 7" [_thread_blocked, id=23244, stack(0x0000003dcc800000,0x0000003dcc900000)]
  0x0000019962b3a000 JavaThread "jar transforms Thread 8" [_thread_blocked, id=23452, stack(0x0000003dcc900000,0x0000003dcca00000)]
  0x0000019962b3b000 JavaThread "jar transforms Thread 9" [_thread_blocked, id=28916, stack(0x0000003dcca00000,0x0000003dccb00000)]
  0x0000019962b39800 JavaThread "jar transforms Thread 10" [_thread_blocked, id=9604, stack(0x0000003dccb00000,0x0000003dccc00000)]
  0x0000019962b37800 JavaThread "jar transforms Thread 11" [_thread_blocked, id=21580, stack(0x0000003dccc00000,0x0000003dccd00000)]
  0x0000019962b3c000 JavaThread "jar transforms Thread 12" [_thread_blocked, id=23604, stack(0x0000003dccd00000,0x0000003dcce00000)]
  0x0000019962b3c800 JavaThread "Memory manager" [_thread_blocked, id=17700, stack(0x0000003dcce00000,0x0000003dccf00000)]
  0x0000019962b37000 JavaThread "build event listener" [_thread_blocked, id=27372, stack(0x0000003dcd000000,0x0000003dcd100000)]
  0x0000019962b42800 JavaThread "included builds" [_thread_blocked, id=7760, stack(0x0000003dcd100000,0x0000003dcd200000)]
  0x0000019962b43000 JavaThread "Execution worker for ':'" [_thread_blocked, id=13900, stack(0x0000003dcd200000,0x0000003dcd300000)]
  0x0000019962b3d800 JavaThread "Execution worker for ':' Thread 2" [_thread_blocked, id=2228, stack(0x0000003dcd300000,0x0000003dcd400000)]
  0x0000019962b44000 JavaThread "Execution worker for ':' Thread 3" [_thread_blocked, id=33108, stack(0x0000003dcd400000,0x0000003dcd500000)]
  0x0000019962b3f000 JavaThread "Execution worker for ':' Thread 4" [_thread_blocked, id=29312, stack(0x0000003dcd500000,0x0000003dcd600000)]
  0x0000019962b40000 JavaThread "Execution worker for ':' Thread 5" [_thread_blocked, id=24476, stack(0x0000003dcd600000,0x0000003dcd700000)]
  0x0000019962b3e800 JavaThread "Execution worker for ':' Thread 6" [_thread_blocked, id=31480, stack(0x0000003dcd700000,0x0000003dcd800000)]
  0x0000019962b45000 JavaThread "Execution worker for ':' Thread 7" [_thread_blocked, id=12480, stack(0x0000003dcd800000,0x0000003dcd900000)]
  0x0000019962b45800 JavaThread "Execution worker for ':' Thread 8" [_thread_blocked, id=19180, stack(0x0000003dcd900000,0x0000003dcda00000)]
  0x0000019962b40800 JavaThread "Execution worker for ':' Thread 9" [_thread_blocked, id=31844, stack(0x0000003dcda00000,0x0000003dcdb00000)]
  0x0000019965d50000 JavaThread "Execution worker for ':' Thread 10" [_thread_blocked, id=29384, stack(0x0000003dcdb00000,0x0000003dcdc00000)]
  0x0000019965d53000 JavaThread "Execution worker for ':' Thread 11" [_thread_blocked, id=25412, stack(0x0000003dcdc00000,0x0000003dcdd00000)]
  0x0000019965d4d800 JavaThread "Cache worker for execution history cache (C:\Users\abina\StudioProjects\abin_second_app\android\.gradle\7.4\executionHistory)" [_thread_blocked, id=17932, stack(0x0000003dcdd00000,0x0000003dcde00000)]
  0x0000019965d4f000 JavaThread "Exec process" [_thread_in_native, id=3188, stack(0x0000003dcde00000,0x0000003dcdf00000)]
  0x0000019965d54000 JavaThread "Exec process Thread 2" [_thread_in_native, id=28208, stack(0x0000003dcdf00000,0x0000003dce000000)]
  0x0000019965d51000 JavaThread "Exec process Thread 3" [_thread_in_native, id=16412, stack(0x0000003dce000000,0x0000003dce100000)]

Other Threads:
  0x000001995d086000 VMThread "VM Thread" [stack: 0x0000003dc1c00000,0x0000003dc1d00000] [id=10132]
  0x000001995db7e000 WatcherThread [stack: 0x0000003dc2600000,0x0000003dc2700000] [id=27140]
  0x0000019941b27000 GCTaskThread "GC Thread#0" [stack: 0x0000003dc1700000,0x0000003dc1800000] [id=25856]
  0x000001995e46d000 GCTaskThread "GC Thread#1" [stack: 0x0000003dc2700000,0x0000003dc2800000] [id=32996]
  0x000001995f550800 GCTaskThread "GC Thread#2" [stack: 0x0000003dc3100000,0x0000003dc3200000] [id=10864]
  0x000001995f551000 GCTaskThread "GC Thread#3" [stack: 0x0000003dc3200000,0x0000003dc3300000] [id=5260]
  0x000001995f0f9800 GCTaskThread "GC Thread#4" [stack: 0x0000003dc3300000,0x0000003dc3400000] [id=2020]
  0x000001995f0fa000 GCTaskThread "GC Thread#5" [stack: 0x0000003dc3400000,0x0000003dc3500000] [id=32072]
  0x000001995f9a4800 GCTaskThread "GC Thread#6" [stack: 0x0000003dc3500000,0x0000003dc3600000] [id=21028]
  0x000001995f9a5000 GCTaskThread "GC Thread#7" [stack: 0x0000003dc3600000,0x0000003dc3700000] [id=19840]
  0x000001995e86e800 GCTaskThread "GC Thread#8" [stack: 0x0000003dc3700000,0x0000003dc3800000] [id=11548]
  0x000001995e86f800 GCTaskThread "GC Thread#9" [stack: 0x0000003dc3800000,0x0000003dc3900000] [id=23820]
  0x0000019941b4e800 ConcurrentGCThread "G1 Main Marker" [stack: 0x0000003dc1800000,0x0000003dc1900000] [id=31488]
  0x0000019941b50800 ConcurrentGCThread "G1 Conc#0" [stack: 0x0000003dc1900000,0x0000003dc1a00000] [id=33380]
  0x000001995fefd800 ConcurrentGCThread "G1 Conc#1" [stack: 0x0000003dc3e00000,0x0000003dc3f00000] [id=22736]
  0x000001995fefe000 ConcurrentGCThread "G1 Conc#2" [stack: 0x0000003dc3f00000,0x0000003dc4000000] [id=10952]
  0x000001995cece800 ConcurrentGCThread "G1 Refine#0" [stack: 0x0000003dc1a00000,0x0000003dc1b00000] [id=7172]
  0x000001995e86b800 ConcurrentGCThread "G1 Refine#1" [stack: 0x0000003dc3900000,0x0000003dc3a00000] [id=15480]
  0x000001995ced1000 ConcurrentGCThread "G1 Young RemSet Sampling" [stack: 0x0000003dc1b00000,0x0000003dc1c00000] [id=29880]

Threads with active compile tasks:
C2 CompilerThread0  26182 9324       4       org.gradle.internal.logging.text.AbstractLineChoppingStyledTextOutput::doAppend (43 bytes)

VM state:not at safepoint (normal execution)

VM Mutex/Monitor currently owned by a thread: None

Heap address: 0x00000000a0000000, size: 1536 MB, Compressed Oops mode: 32-bit
Narrow klass base: 0x0000000000000000, Narrow klass shift: 3
Compressed class space size: 1073741824 Address: 0x0000000100000000

Heap:
 garbage-first heap   total 145408K, used 107327K [0x00000000a0000000, 0x0000000100000000)
  region size 1024K, 23 young (23552K), 5 survivors (5120K)
 Metaspace       used 85997K, capacity 88439K, committed 88576K, reserved 1126400K
  class space    used 11409K, capacity 12330K, committed 12364K, reserved 1048576K
Heap Regions: E=young(eden), S=young(survivor), O=old, HS=humongous(starts), HC=humongous(continues), CS=collection set, F=free, A=archive, TAMS=top-at-mark-start (previous, next)
|   0|0x00000000a0000000, 0x00000000a0100000, 0x00000000a0100000|100%| O|  |TAMS 0x00000000a0100000, 0x00000000a0000000| Untracked 
|   1|0x00000000a0100000, 0x00000000a0200000, 0x00000000a0200000|100%| O|  |TAMS 0x00000000a0200000, 0x00000000a0100000| Untracked 
|   2|0x00000000a0200000, 0x00000000a0300000, 0x00000000a0300000|100%| O|  |TAMS 0x00000000a0300000, 0x00000000a0200000| Untracked 
|   3|0x00000000a0300000, 0x00000000a0400000, 0x00000000a0400000|100%|HS|  |TAMS 0x00000000a0400000, 0x00000000a0300000| Complete 
|   4|0x00000000a0400000, 0x00000000a0500000, 0x00000000a0500000|100%|HC|  |TAMS 0x00000000a0500000, 0x00000000a0400000| Complete 
|   5|0x00000000a0500000, 0x00000000a0600000, 0x00000000a0600000|100%|HC|  |TAMS 0x00000000a0600000, 0x00000000a0500000| Complete 
|   6|0x00000000a0600000, 0x00000000a0700000, 0x00000000a0700000|100%| O|  |TAMS 0x00000000a0700000, 0x00000000a0600000| Untracked 
|   7|0x00000000a0700000, 0x00000000a0800000, 0x00000000a0800000|100%| O|  |TAMS 0x00000000a0800000, 0x00000000a0700000| Untracked 
|   8|0x00000000a0800000, 0x00000000a0900000, 0x00000000a0900000|100%| O|  |TAMS 0x00000000a0900000, 0x00000000a0800000| Untracked 
|   9|0x00000000a0900000, 0x00000000a0a00000, 0x00000000a0a00000|100%| O|  |TAMS 0x00000000a0a00000, 0x00000000a0900000| Untracked 
|  10|0x00000000a0a00000, 0x00000000a0b00000, 0x00000000a0b00000|100%| O|  |TAMS 0x00000000a0b00000, 0x00000000a0a00000| Untracked 
|  11|0x00000000a0b00000, 0x00000000a0c00000, 0x00000000a0c00000|100%| O|  |TAMS 0x00000000a0c00000, 0x00000000a0b00000| Untracked 
|  12|0x00000000a0c00000, 0x00000000a0d00000, 0x00000000a0d00000|100%| O|  |TAMS 0x00000000a0d00000, 0x00000000a0c00000| Untracked 
|  13|0x00000000a0d00000, 0x00000000a0e00000, 0x00000000a0e00000|100%| O|  |TAMS 0x00000000a0e00000, 0x00000000a0d00000| Untracked 
|  14|0x00000000a0e00000, 0x00000000a0f00000, 0x00000000a0f00000|100%| O|  |TAMS 0x00000000a0f00000, 0x00000000a0e00000| Untracked 
|  15|0x00000000a0f00000, 0x00000000a1000000, 0x00000000a1000000|100%| O|  |TAMS 0x00000000a1000000, 0x00000000a0f00000| Untracked 
|  16|0x00000000a1000000, 0x00000000a1100000, 0x00000000a1100000|100%| O|  |TAMS 0x00000000a1100000, 0x00000000a1000000| Untracked 
|  17|0x00000000a1100000, 0x00000000a1200000, 0x00000000a1200000|100%| O|  |TAMS 0x00000000a1200000, 0x00000000a1100000| Untracked 
|  18|0x00000000a1200000, 0x00000000a1300000, 0x00000000a1300000|100%| O|  |TAMS 0x00000000a1300000, 0x00000000a1200000| Untracked 
|  19|0x00000000a1300000, 0x00000000a1400000, 0x00000000a1400000|100%| O|  |TAMS 0x00000000a1400000, 0x00000000a1300000| Untracked 
|  20|0x00000000a1400000, 0x00000000a1500000, 0x00000000a1500000|100%| O|  |TAMS 0x00000000a1500000, 0x00000000a1400000| Untracked 
|  21|0x00000000a1500000, 0x00000000a1600000, 0x00000000a1600000|100%| O|  |TAMS 0x00000000a1600000, 0x00000000a1500000| Untracked 
|  22|0x00000000a1600000, 0x00000000a1700000, 0x00000000a1700000|100%| O|  |TAMS 0x00000000a1700000, 0x00000000a1600000| Untracked 
|  23|0x00000000a1700000, 0x00000000a1800000, 0x00000000a1800000|100%| O|  |TAMS 0x00000000a1800000, 0x00000000a1700000| Untracked 
|  24|0x00000000a1800000, 0x00000000a1900000, 0x00000000a1900000|100%| O|  |TAMS 0x00000000a1900000, 0x00000000a1800000| Untracked 
|  25|0x00000000a1900000, 0x00000000a1a00000, 0x00000000a1a00000|100%| O|  |TAMS 0x00000000a1a00000, 0x00000000a1900000| Untracked 
|  26|0x00000000a1a00000, 0x00000000a1b00000, 0x00000000a1b00000|100%| O|  |TAMS 0x00000000a1b00000, 0x00000000a1a00000| Untracked 
|  27|0x00000000a1b00000, 0x00000000a1c00000, 0x00000000a1c00000|100%|HS|  |TAMS 0x00000000a1c00000, 0x00000000a1b00000| Complete 
|  28|0x00000000a1c00000, 0x00000000a1d00000, 0x00000000a1d00000|100%|HS|  |TAMS 0x00000000a1d00000, 0x00000000a1c00000| Complete 
|  29|0x00000000a1d00000, 0x00000000a1e00000, 0x00000000a1e00000|100%|HS|  |TAMS 0x00000000a1e00000, 0x00000000a1d00000| Complete 
|  30|0x00000000a1e00000, 0x00000000a1f00000, 0x00000000a1f00000|100%|HS|  |TAMS 0x00000000a1f00000, 0x00000000a1e00000| Complete 
|  31|0x00000000a1f00000, 0x00000000a2000000, 0x00000000a2000000|100%|HS|  |TAMS 0x00000000a2000000, 0x00000000a1f00000| Complete 
|  32|0x00000000a2000000, 0x00000000a2100000, 0x00000000a2100000|100%|HC|  |TAMS 0x00000000a2100000, 0x00000000a2000000| Complete 
|  33|0x00000000a2100000, 0x00000000a2200000, 0x00000000a2200000|100%|HC|  |TAMS 0x00000000a2200000, 0x00000000a2100000| Complete 
|  34|0x00000000a2200000, 0x00000000a2300000, 0x00000000a2300000|100%|HS|  |TAMS 0x00000000a2300000, 0x00000000a2200000| Complete 
|  35|0x00000000a2300000, 0x00000000a2400000, 0x00000000a2400000|100%|HC|  |TAMS 0x00000000a2400000, 0x00000000a2300000| Complete 
|  36|0x00000000a2400000, 0x00000000a2500000, 0x00000000a2500000|100%| O|  |TAMS 0x00000000a2500000, 0x00000000a2400000| Untracked 
|  37|0x00000000a2500000, 0x00000000a2600000, 0x00000000a2600000|100%| O|  |TAMS 0x00000000a2600000, 0x00000000a2500000| Untracked 
|  38|0x00000000a2600000, 0x00000000a2700000, 0x00000000a2700000|100%| O|  |TAMS 0x00000000a2700000, 0x00000000a2600000| Untracked 
|  39|0x00000000a2700000, 0x00000000a2800000, 0x00000000a2800000|100%| O|  |TAMS 0x00000000a2800000, 0x00000000a2700000| Untracked 
|  40|0x00000000a2800000, 0x00000000a2900000, 0x00000000a2900000|100%| O|  |TAMS 0x00000000a2900000, 0x00000000a2800000| Untracked 
|  41|0x00000000a2900000, 0x00000000a2a00000, 0x00000000a2a00000|100%| O|  |TAMS 0x00000000a2a00000, 0x00000000a2900000| Untracked 
|  42|0x00000000a2a00000, 0x00000000a2b00000, 0x00000000a2b00000|100%| O|  |TAMS 0x00000000a2b00000, 0x00000000a2a00000| Untracked 
|  43|0x00000000a2b00000, 0x00000000a2c00000, 0x00000000a2c00000|100%| O|  |TAMS 0x00000000a2c00000, 0x00000000a2b00000| Untracked 
|  44|0x00000000a2c00000, 0x00000000a2d00000, 0x00000000a2d00000|100%| O|  |TAMS 0x00000000a2d00000, 0x00000000a2c00000| Untracked 
|  45|0x00000000a2d00000, 0x00000000a2e00000, 0x00000000a2e00000|100%| O|  |TAMS 0x00000000a2e00000, 0x00000000a2d00000| Untracked 
|  46|0x00000000a2e00000, 0x00000000a2f00000, 0x00000000a2f00000|100%| O|  |TAMS 0x00000000a2f00000, 0x00000000a2e00000| Untracked 
|  47|0x00000000a2f00000, 0x00000000a3000000, 0x00000000a3000000|100%| O|  |TAMS 0x00000000a3000000, 0x00000000a2f00000| Untracked 
|  48|0x00000000a3000000, 0x00000000a3100000, 0x00000000a3100000|100%| O|  |TAMS 0x00000000a3100000, 0x00000000a3000000| Untracked 
|  49|0x00000000a3100000, 0x00000000a3200000, 0x00000000a3200000|100%| O|  |TAMS 0x00000000a3200000, 0x00000000a3100000| Untracked 
|  50|0x00000000a3200000, 0x00000000a3300000, 0x00000000a3300000|100%|HS|  |TAMS 0x00000000a3300000, 0x00000000a3200000| Complete 
|  51|0x00000000a3300000, 0x00000000a3400000, 0x00000000a3400000|100%| O|  |TAMS 0x00000000a3400000, 0x00000000a3300000| Untracked 
|  52|0x00000000a3400000, 0x00000000a3500000, 0x00000000a3500000|100%| O|  |TAMS 0x00000000a3500000, 0x00000000a3400000| Untracked 
|  53|0x00000000a3500000, 0x00000000a3600000, 0x00000000a3600000|100%| O|  |TAMS 0x00000000a3600000, 0x00000000a3500000| Untracked 
|  54|0x00000000a3600000, 0x00000000a3700000, 0x00000000a3700000|100%| O|  |TAMS 0x00000000a3700000, 0x00000000a3600000| Untracked 
|  55|0x00000000a3700000, 0x00000000a3800000, 0x00000000a3800000|100%| O|  |TAMS 0x00000000a3800000, 0x00000000a3700000| Untracked 
|  56|0x00000000a3800000, 0x00000000a3900000, 0x00000000a3900000|100%| O|  |TAMS 0x00000000a3900000, 0x00000000a3800000| Untracked 
|  57|0x00000000a3900000, 0x00000000a3a00000, 0x00000000a3a00000|100%| O|  |TAMS 0x00000000a3a00000, 0x00000000a3900000| Untracked 
|  58|0x00000000a3a00000, 0x00000000a3b00000, 0x00000000a3b00000|100%|HS|  |TAMS 0x00000000a3b00000, 0x00000000a3a00000| Complete 
|  59|0x00000000a3b00000, 0x00000000a3c00000, 0x00000000a3c00000|100%|HC|  |TAMS 0x00000000a3c00000, 0x00000000a3b00000| Complete 
|  60|0x00000000a3c00000, 0x00000000a3d00000, 0x00000000a3d00000|100%| O|  |TAMS 0x00000000a3d00000, 0x00000000a3c00000| Untracked 
|  61|0x00000000a3d00000, 0x00000000a3e00000, 0x00000000a3e00000|100%| O|  |TAMS 0x00000000a3e00000, 0x00000000a3d00000| Untracked 
|  62|0x00000000a3e00000, 0x00000000a3f00000, 0x00000000a3f00000|100%| O|  |TAMS 0x00000000a3f00000, 0x00000000a3e00000| Untracked 
|  63|0x00000000a3f00000, 0x00000000a4000000, 0x00000000a4000000|100%| O|  |TAMS 0x00000000a4000000, 0x00000000a3f00000| Untracked 
|  64|0x00000000a4000000, 0x00000000a4100000, 0x00000000a4100000|100%| O|  |TAMS 0x00000000a4100000, 0x00000000a4000000| Untracked 
|  65|0x00000000a4100000, 0x00000000a4200000, 0x00000000a4200000|100%| O|  |TAMS 0x00000000a4200000, 0x00000000a4100000| Untracked 
|  66|0x00000000a4200000, 0x00000000a4300000, 0x00000000a4300000|100%| O|  |TAMS 0x00000000a4300000, 0x00000000a4200000| Untracked 
|  67|0x00000000a4300000, 0x00000000a4400000, 0x00000000a4400000|100%| O|  |TAMS 0x00000000a4400000, 0x00000000a4300000| Untracked 
|  68|0x00000000a4400000, 0x00000000a4500000, 0x00000000a4500000|100%| O|  |TAMS 0x00000000a4500000, 0x00000000a4400000| Untracked 
|  69|0x00000000a4500000, 0x00000000a4600000, 0x00000000a4600000|100%| O|  |TAMS 0x00000000a4600000, 0x00000000a4500000| Untracked 
|  70|0x00000000a4600000, 0x00000000a4700000, 0x00000000a4700000|100%| O|  |TAMS 0x00000000a4700000, 0x00000000a4600000| Untracked 
|  71|0x00000000a4700000, 0x00000000a4800000, 0x00000000a4800000|100%| O|  |TAMS 0x00000000a4800000, 0x00000000a4700000| Untracked 
|  72|0x00000000a4800000, 0x00000000a4900000, 0x00000000a4900000|100%| O|  |TAMS 0x00000000a4900000, 0x00000000a4800000| Untracked 
|  73|0x00000000a4900000, 0x00000000a4a00000, 0x00000000a4a00000|100%| O|  |TAMS 0x00000000a4a00000, 0x00000000a4900000| Untracked 
|  74|0x00000000a4a00000, 0x00000000a4b00000, 0x00000000a4b00000|100%| O|  |TAMS 0x00000000a4b00000, 0x00000000a4a00000| Untracked 
|  75|0x00000000a4b00000, 0x00000000a4c00000, 0x00000000a4c00000|100%| O|  |TAMS 0x00000000a4c00000, 0x00000000a4b00000| Untracked 
|  76|0x00000000a4c00000, 0x00000000a4d00000, 0x00000000a4d00000|100%| O|  |TAMS 0x00000000a4d00000, 0x00000000a4c00000| Untracked 
|  77|0x00000000a4d00000, 0x00000000a4e00000, 0x00000000a4e00000|100%| O|  |TAMS 0x00000000a4e00000, 0x00000000a4d00000| Untracked 
|  78|0x00000000a4e00000, 0x00000000a4f00000, 0x00000000a4f00000|100%| O|  |TAMS 0x00000000a4f00000, 0x00000000a4e00000| Untracked 
|  79|0x00000000a4f00000, 0x00000000a5000000, 0x00000000a5000000|100%| O|  |TAMS 0x00000000a5000000, 0x00000000a4f00000| Untracked 
|  80|0x00000000a5000000, 0x00000000a5100000, 0x00000000a5100000|100%| O|  |TAMS 0x00000000a5100000, 0x00000000a5000000| Untracked 
|  81|0x00000000a5100000, 0x00000000a5200000, 0x00000000a5200000|100%| O|  |TAMS 0x00000000a5200000, 0x00000000a5100000| Untracked 
|  82|0x00000000a5200000, 0x00000000a52cfe00, 0x00000000a5300000| 81%| O|  |TAMS 0x00000000a52cfe00, 0x00000000a5200000| Untracked 
|  83|0x00000000a5300000, 0x00000000a5300000, 0x00000000a5400000|  0%| F|  |TAMS 0x00000000a5300000, 0x00000000a5300000| Untracked 
|  84|0x00000000a5400000, 0x00000000a5400000, 0x00000000a5500000|  0%| F|  |TAMS 0x00000000a5400000, 0x00000000a5400000| Untracked 
|  85|0x00000000a5500000, 0x00000000a5500000, 0x00000000a5600000|  0%| F|  |TAMS 0x00000000a5500000, 0x00000000a5500000| Untracked 
|  86|0x00000000a5600000, 0x00000000a5600000, 0x00000000a5700000|  0%| F|  |TAMS 0x00000000a5600000, 0x00000000a5600000| Untracked 
|  87|0x00000000a5700000, 0x00000000a5700000, 0x00000000a5800000|  0%| F|  |TAMS 0x00000000a5700000, 0x00000000a5700000| Untracked 
|  88|0x00000000a5800000, 0x00000000a5800000, 0x00000000a5900000|  0%| F|  |TAMS 0x00000000a5800000, 0x00000000a5800000| Untracked 
|  89|0x00000000a5900000, 0x00000000a5900000, 0x00000000a5a00000|  0%| F|  |TAMS 0x00000000a5900000, 0x00000000a5900000| Untracked 
|  90|0x00000000a5a00000, 0x00000000a5a00000, 0x00000000a5b00000|  0%| F|  |TAMS 0x00000000a5a00000, 0x00000000a5a00000| Untracked 
|  91|0x00000000a5b00000, 0x00000000a5b00000, 0x00000000a5c00000|  0%| F|  |TAMS 0x00000000a5b00000, 0x00000000a5b00000| Untracked 
|  92|0x00000000a5c00000, 0x00000000a5c00000, 0x00000000a5d00000|  0%| F|  |TAMS 0x00000000a5c00000, 0x00000000a5c00000| Untracked 
|  93|0x00000000a5d00000, 0x00000000a5d00000, 0x00000000a5e00000|  0%| F|  |TAMS 0x00000000a5d00000, 0x00000000a5d00000| Untracked 
|  94|0x00000000a5e00000, 0x00000000a5e00000, 0x00000000a5f00000|  0%| F|  |TAMS 0x00000000a5e00000, 0x00000000a5e00000| Untracked 
|  95|0x00000000a5f00000, 0x00000000a5f00000, 0x00000000a6000000|  0%| F|  |TAMS 0x00000000a5f00000, 0x00000000a5f00000| Untracked 
|  96|0x00000000a6000000, 0x00000000a6000000, 0x00000000a6100000|  0%| F|  |TAMS 0x00000000a6000000, 0x00000000a6000000| Untracked 
|  97|0x00000000a6100000, 0x00000000a6100000, 0x00000000a6200000|  0%| F|  |TAMS 0x00000000a6100000, 0x00000000a6100000| Untracked 
|  98|0x00000000a6200000, 0x00000000a6200000, 0x00000000a6300000|  0%| F|  |TAMS 0x00000000a6200000, 0x00000000a6200000| Untracked 
|  99|0x00000000a6300000, 0x00000000a6300000, 0x00000000a6400000|  0%| F|  |TAMS 0x00000000a6300000, 0x00000000a6300000| Untracked 
| 100|0x00000000a6400000, 0x00000000a6400000, 0x00000000a6500000|  0%| F|  |TAMS 0x00000000a6400000, 0x00000000a6400000| Untracked 
| 101|0x00000000a6500000, 0x00000000a6500000, 0x00000000a6600000|  0%| F|  |TAMS 0x00000000a6500000, 0x00000000a6500000| Untracked 
| 102|0x00000000a6600000, 0x00000000a6700000, 0x00000000a6700000|100%| S|CS|TAMS 0x00000000a6600000, 0x00000000a6600000| Complete 
| 103|0x00000000a6700000, 0x00000000a6700000, 0x00000000a6800000|  0%| F|  |TAMS 0x00000000a6700000, 0x00000000a6700000| Untracked 
| 104|0x00000000a6800000, 0x00000000a6800000, 0x00000000a6900000|  0%| F|  |TAMS 0x00000000a6800000, 0x00000000a6800000| Untracked 
| 105|0x00000000a6900000, 0x00000000a6900000, 0x00000000a6a00000|  0%| F|  |TAMS 0x00000000a6900000, 0x00000000a6900000| Untracked 
| 106|0x00000000a6a00000, 0x00000000a6a00000, 0x00000000a6b00000|  0%| F|  |TAMS 0x00000000a6a00000, 0x00000000a6a00000| Untracked 
| 107|0x00000000a6b00000, 0x00000000a6b00000, 0x00000000a6c00000|  0%| F|  |TAMS 0x00000000a6b00000, 0x00000000a6b00000| Untracked 
| 108|0x00000000a6c00000, 0x00000000a6d00000, 0x00000000a6d00000|100%| S|CS|TAMS 0x00000000a6c00000, 0x00000000a6c00000| Complete 
| 109|0x00000000a6d00000, 0x00000000a6e00000, 0x00000000a6e00000|100%| S|CS|TAMS 0x00000000a6d00000, 0x00000000a6d00000| Complete 
| 110|0x00000000a6e00000, 0x00000000a6f00000, 0x00000000a6f00000|100%| S|CS|TAMS 0x00000000a6e00000, 0x00000000a6e00000| Complete 
| 111|0x00000000a6f00000, 0x00000000a7000000, 0x00000000a7000000|100%| S|CS|TAMS 0x00000000a6f00000, 0x00000000a6f00000| Complete 
| 112|0x00000000a7000000, 0x00000000a7000000, 0x00000000a7100000|  0%| F|  |TAMS 0x00000000a7000000, 0x00000000a7000000| Untracked 
| 113|0x00000000a7100000, 0x00000000a7100000, 0x00000000a7200000|  0%| F|  |TAMS 0x00000000a7100000, 0x00000000a7100000| Untracked 
| 114|0x00000000a7200000, 0x00000000a7200000, 0x00000000a7300000|  0%| F|  |TAMS 0x00000000a7200000, 0x00000000a7200000| Untracked 
| 115|0x00000000a7300000, 0x00000000a7300000, 0x00000000a7400000|  0%| F|  |TAMS 0x00000000a7300000, 0x00000000a7300000| Untracked 
| 116|0x00000000a7400000, 0x00000000a7400000, 0x00000000a7500000|  0%| F|  |TAMS 0x00000000a7400000, 0x00000000a7400000| Untracked 
| 117|0x00000000a7500000, 0x00000000a7500000, 0x00000000a7600000|  0%| F|  |TAMS 0x00000000a7500000, 0x00000000a7500000| Untracked 
| 118|0x00000000a7600000, 0x00000000a7600000, 0x00000000a7700000|  0%| F|  |TAMS 0x00000000a7600000, 0x00000000a7600000| Untracked 
| 119|0x00000000a7700000, 0x00000000a7700000, 0x00000000a7800000|  0%| F|  |TAMS 0x00000000a7700000, 0x00000000a7700000| Untracked 
| 120|0x00000000a7800000, 0x00000000a7800000, 0x00000000a7900000|  0%| F|  |TAMS 0x00000000a7800000, 0x00000000a7800000| Untracked 
| 121|0x00000000a7900000, 0x00000000a7900000, 0x00000000a7a00000|  0%| F|  |TAMS 0x00000000a7900000, 0x00000000a7900000| Untracked 
| 122|0x00000000a7a00000, 0x00000000a7a00000, 0x00000000a7b00000|  0%| F|  |TAMS 0x00000000a7a00000, 0x00000000a7a00000| Untracked 
| 123|0x00000000a7b00000, 0x00000000a7b00000, 0x00000000a7c00000|  0%| F|  |TAMS 0x00000000a7b00000, 0x00000000a7b00000| Untracked 
| 124|0x00000000a7c00000, 0x00000000a7c64768, 0x00000000a7d00000| 39%| E|  |TAMS 0x00000000a7c00000, 0x00000000a7c00000| Complete 
| 125|0x00000000a7d00000, 0x00000000a7e00000, 0x00000000a7e00000|100%| E|CS|TAMS 0x00000000a7d00000, 0x00000000a7d00000| Complete 
| 126|0x00000000a7e00000, 0x00000000a7f00000, 0x00000000a7f00000|100%| E|CS|TAMS 0x00000000a7e00000, 0x00000000a7e00000| Complete 
| 127|0x00000000a7f00000, 0x00000000a8000000, 0x00000000a8000000|100%| E|CS|TAMS 0x00000000a7f00000, 0x00000000a7f00000| Complete 
| 128|0x00000000a8000000, 0x00000000a8100000, 0x00000000a8100000|100%| E|CS|TAMS 0x00000000a8000000, 0x00000000a8000000| Complete 
| 129|0x00000000a8100000, 0x00000000a8200000, 0x00000000a8200000|100%| E|CS|TAMS 0x00000000a8100000, 0x00000000a8100000| Complete 
| 130|0x00000000a8200000, 0x00000000a8300000, 0x00000000a8300000|100%| E|CS|TAMS 0x00000000a8200000, 0x00000000a8200000| Complete 
| 131|0x00000000a8300000, 0x00000000a8400000, 0x00000000a8400000|100%| E|CS|TAMS 0x00000000a8300000, 0x00000000a8300000| Complete 
| 132|0x00000000a8400000, 0x00000000a8500000, 0x00000000a8500000|100%| E|CS|TAMS 0x00000000a8400000, 0x00000000a8400000| Complete 
| 133|0x00000000a8500000, 0x00000000a8600000, 0x00000000a8600000|100%| E|CS|TAMS 0x00000000a8500000, 0x00000000a8500000| Complete 
| 134|0x00000000a8600000, 0x00000000a8700000, 0x00000000a8700000|100%| E|CS|TAMS 0x00000000a8600000, 0x00000000a8600000| Complete 
| 135|0x00000000a8700000, 0x00000000a8800000, 0x00000000a8800000|100%| E|CS|TAMS 0x00000000a8700000, 0x00000000a8700000| Complete 
| 136|0x00000000a8800000, 0x00000000a8900000, 0x00000000a8900000|100%| E|CS|TAMS 0x00000000a8800000, 0x00000000a8800000| Complete 
| 137|0x00000000a8900000, 0x00000000a8a00000, 0x00000000a8a00000|100%| E|CS|TAMS 0x00000000a8900000, 0x00000000a8900000| Complete 
| 138|0x00000000a8a00000, 0x00000000a8b00000, 0x00000000a8b00000|100%| E|CS|TAMS 0x00000000a8a00000, 0x00000000a8a00000| Complete 
| 139|0x00000000a8b00000, 0x00000000a8c00000, 0x00000000a8c00000|100%| E|CS|TAMS 0x00000000a8b00000, 0x00000000a8b00000| Complete 
| 140|0x00000000a8c00000, 0x00000000a8d00000, 0x00000000a8d00000|100%| E|CS|TAMS 0x00000000a8c00000, 0x00000000a8c00000| Complete 
| 141|0x00000000a8d00000, 0x00000000a8e00000, 0x00000000a8e00000|100%| E|CS|TAMS 0x00000000a8d00000, 0x00000000a8d00000| Complete 

Card table byte_map: [0x0000019956d70000,0x0000019957070000] _byte_map_base: 0x0000019956870000

Marking Bits (Prev, Next): (CMBitMap*) 0x0000019941b47c18, (CMBitMap*) 0x0000019941b47c50
 Prev Bits: [0x0000019957370000, 0x0000019958b70000)
 Next Bits: [0x0000019958b70000, 0x000001995a370000)

Polling page: 0x0000019941bd0000

Metaspace:

Usage:
  Non-class:     74.33 MB capacity,    72.84 MB ( 98%) used,     1.25 MB (  2%) free+waste,   236.19 KB ( <1%) overhead. 
      Class:     12.04 MB capacity,    11.14 MB ( 93%) used,   809.51 KB (  7%) free+waste,   111.00 KB ( <1%) overhead. 
       Both:     86.37 MB capacity,    83.98 MB ( 97%) used,     2.05 MB (  2%) free+waste,   347.19 KB ( <1%) overhead. 

Virtual space:
  Non-class space:       76.00 MB reserved,      74.43 MB ( 98%) committed 
      Class space:        1.00 GB reserved,      12.07 MB (  1%) committed 
             Both:        1.07 GB reserved,      86.50 MB (  8%) committed 

Chunk freelists:
   Non-Class:  39.00 KB
       Class:  22.00 KB
        Both:  61.00 KB

MaxMetaspaceSize: 17179869184.00 GB
CompressedClassSpaceSize: 1.00 GB
Initial GC threshold: 20.80 MB
Current GC threshold: 143.13 MB
CDS: off

CodeHeap 'non-profiled nmethods': size=120000Kb used=4672Kb max_used=4672Kb free=115327Kb
 bounds [0x000001994e8b0000, 0x000001994ed50000, 0x0000019955de0000]
CodeHeap 'profiled nmethods': size=120000Kb used=19196Kb max_used=19196Kb free=100803Kb
 bounds [0x0000019947380000, 0x0000019948640000, 0x000001994e8b0000]
CodeHeap 'non-nmethods': size=5760Kb used=2367Kb max_used=2413Kb free=3392Kb
 bounds [0x0000019946de0000, 0x0000019947050000, 0x0000019947380000]
 total_blobs=9955 nmethods=9074 adapters=793
 compilation: enabled
              stopped_count=0, restarted_count=0
 full_count=0

Compilation events (20 events):
Event: 23.319 Thread 0x000001995d0ac800 nmethod 9312 0x000001994863a690 code [0x000001994863a840, 0x000001994863a968]
Event: 23.320 Thread 0x000001995d0ac800 9314       1       sun.nio.ch.NativeThread::current (2 bytes)
Event: 23.320 Thread 0x000001995d0ac800 nmethod 9314 0x000001994ed3ee10 code [0x000001994ed3efc0, 0x000001994ed3f058]
Event: 24.474 Thread 0x000001995d0ac800 9315       3       javax.management.ObjectName::setCanonicalName (251 bytes)
Event: 24.476 Thread 0x000001995d0ac800 nmethod 9315 0x000001994863aa10 code [0x000001994863ace0, 0x000001994863be78]
Event: 25.486 Thread 0x000001995d0ac800 9316       3       java.util.stream.Collectors$$Lambda$63/0x0000000100180040::get (8 bytes)
Event: 25.486 Thread 0x000001995d0ac800 nmethod 9316 0x000001994863c510 code [0x000001994863c6e0, 0x000001994863ca18]
Event: 26.087 Thread 0x000001995d0ab800 9317       4       org.gradle.internal.logging.text.AbstractLineChoppingStyledTextOutput$1::execute (9 bytes)
Event: 26.088 Thread 0x000001995d0ac800 9320       3       org.gradle.internal.io.LineBufferingOutputStream::write (59 bytes)
Event: 26.090 Thread 0x000001995d0ac800 nmethod 9320 0x000001994863cb90 code [0x000001994863ce60, 0x000001994863dc38]
Event: 26.090 Thread 0x000001995d0ac800 9323       3       org.gradle.internal.io.StreamByteBuffer$StreamByteBufferChunk::write (32 bytes)
Event: 26.090 Thread 0x000001995d0ac800 nmethod 9323 0x000001994863e190 code [0x000001994863e340, 0x000001994863e4d8]
Event: 26.090 Thread 0x000001995d0ac800 9326       3       org.gradle.internal.io.LineBufferingOutputStream::endsWithLineSeparator (27 bytes)
Event: 26.090 Thread 0x000001995d0ac800 nmethod 9326 0x000001994863e590 code [0x000001994863e740, 0x000001994863e8d8]
Event: 26.090 Thread 0x000001995d0ac800 9321       3       org.gradle.internal.io.StreamByteBuffer$StreamByteBufferOutputStream::write (22 bytes)
Event: 26.091 Thread 0x000001995d0ac800 nmethod 9321 0x000001994863e990 code [0x000001994863eb60, 0x000001994863edc8]
Event: 26.091 Thread 0x000001995d0ac800 9322       3       java.nio.Buffer::flip (20 bytes)
Event: 26.091 Thread 0x000001995d0ac800 nmethod 9322 0x000001994863ef90 code [0x000001994863f140, 0x000001994863f258]
Event: 26.101 Thread 0x000001995d0ab800 nmethod 9317 0x000001994ed3f110 code [0x000001994ed3f320, 0x000001994ed3faf0]
Event: 26.101 Thread 0x000001995d0ab800 9324       4       org.gradle.internal.logging.text.AbstractLineChoppingStyledTextOutput::doAppend (43 bytes)

GC Heap History (20 events):
Event: 14.483 GC heap before
{Heap before GC invocations=25 (full 0):
 garbage-first heap   total 120832K, used 96092K [0x00000000a0000000, 0x0000000100000000)
  region size 1024K, 27 young (27648K), 2 survivors (2048K)
 Metaspace       used 67982K, capacity 69934K, committed 70272K, reserved 1110016K
  class space    used 8673K, capacity 9318K, committed 9420K, reserved 1048576K
}
Event: 14.487 GC heap after
{Heap after GC invocations=26 (full 0):
 garbage-first heap   total 120832K, used 71914K [0x00000000a0000000, 0x0000000100000000)
  region size 1024K, 4 young (4096K), 4 survivors (4096K)
 Metaspace       used 67982K, capacity 69934K, committed 70272K, reserved 1110016K
  class space    used 8673K, capacity 9318K, committed 9420K, reserved 1048576K
}
Event: 14.895 GC heap before
{Heap before GC invocations=26 (full 0):
 garbage-first heap   total 120832K, used 97514K [0x00000000a0000000, 0x0000000100000000)
  region size 1024K, 29 young (29696K), 4 survivors (4096K)
 Metaspace       used 69968K, capacity 71913K, committed 72064K, reserved 1112064K
  class space    used 8924K, capacity 9613K, committed 9676K, reserved 1048576K
}
Event: 14.901 GC heap after
{Heap after GC invocations=27 (full 0):
 garbage-first heap   total 120832K, used 73755K [0x00000000a0000000, 0x0000000100000000)
  region size 1024K, 4 young (4096K), 4 survivors (4096K)
 Metaspace       used 69968K, capacity 71913K, committed 72064K, reserved 1112064K
  class space    used 8924K, capacity 9613K, committed 9676K, reserved 1048576K
}
Event: 15.437 GC heap before
{Heap before GC invocations=28 (full 0):
 garbage-first heap   total 120832K, used 98331K [0x00000000a0000000, 0x0000000100000000)
  region size 1024K, 29 young (29696K), 4 survivors (4096K)
 Metaspace       used 72835K, capacity 74802K, committed 74880K, reserved 1114112K
  class space    used 9471K, capacity 10172K, committed 10188K, reserved 1048576K
}
Event: 15.442 GC heap after
{Heap after GC invocations=29 (full 0):
 garbage-first heap   total 120832K, used 75343K [0x00000000a0000000, 0x0000000100000000)
  region size 1024K, 4 young (4096K), 4 survivors (4096K)
 Metaspace       used 72835K, capacity 74802K, committed 74880K, reserved 1114112K
  class space    used 9471K, capacity 10172K, committed 10188K, reserved 1048576K
}
Event: 15.795 GC heap before
{Heap before GC invocations=29 (full 0):
 garbage-first heap   total 120832K, used 99919K [0x00000000a0000000, 0x0000000100000000)
  region size 1024K, 28 young (28672K), 4 survivors (4096K)
 Metaspace       used 74211K, capacity 76236K, committed 76416K, reserved 1116160K
  class space    used 9643K, capacity 10325K, committed 10444K, reserved 1048576K
}
Event: 15.803 GC heap after
{Heap after GC invocations=30 (full 0):
 garbage-first heap   total 120832K, used 77009K [0x00000000a0000000, 0x0000000100000000)
  region size 1024K, 4 young (4096K), 4 survivors (4096K)
 Metaspace       used 74211K, capacity 76236K, committed 76416K, reserved 1116160K
  class space    used 9643K, capacity 10325K, committed 10444K, reserved 1048576K
}
Event: 16.098 GC heap before
{Heap before GC invocations=31 (full 0):
 garbage-first heap   total 120832K, used 100561K [0x00000000a0000000, 0x0000000100000000)
  region size 1024K, 27 young (27648K), 4 survivors (4096K)
 Metaspace       used 75026K, capacity 77051K, committed 77312K, reserved 1116160K
  class space    used 9800K, capacity 10555K, committed 10572K, reserved 1048576K
}
Event: 16.103 GC heap after
{Heap after GC invocations=32 (full 0):
 garbage-first heap   total 120832K, used 79447K [0x00000000a0000000, 0x0000000100000000)
  region size 1024K, 4 young (4096K), 4 survivors (4096K)
 Metaspace       used 75026K, capacity 77051K, committed 77312K, reserved 1116160K
  class space    used 9800K, capacity 10555K, committed 10572K, reserved 1048576K
}
Event: 16.395 GC heap before
{Heap before GC invocations=32 (full 0):
 garbage-first heap   total 120832K, used 101975K [0x00000000a0000000, 0x0000000100000000)
  region size 1024K, 26 young (26624K), 4 survivors (4096K)
 Metaspace       used 75934K, capacity 78018K, committed 78336K, reserved 1116160K
  class space    used 9937K, capacity 10742K, committed 10828K, reserved 1048576K
}
Event: 16.400 GC heap after
{Heap after GC invocations=33 (full 0):
 garbage-first heap   total 120832K, used 81798K [0x00000000a0000000, 0x0000000100000000)
  region size 1024K, 3 young (3072K), 3 survivors (3072K)
 Metaspace       used 75934K, capacity 78018K, committed 78336K, reserved 1116160K
  class space    used 9937K, capacity 10742K, committed 10828K, reserved 1048576K
}
Event: 16.771 GC heap before
{Heap before GC invocations=34 (full 0):
 garbage-first heap   total 120832K, used 102278K [0x00000000a0000000, 0x0000000100000000)
  region size 1024K, 23 young (23552K), 3 survivors (3072K)
 Metaspace       used 77376K, capacity 79540K, committed 79744K, reserved 1118208K
  class space    used 10149K, capacity 10944K, committed 10956K, reserved 1048576K
}
Event: 16.777 GC heap after
{Heap after GC invocations=35 (full 0):
 garbage-first heap   total 145408K, used 83366K [0x00000000a0000000, 0x0000000100000000)
  region size 1024K, 2 young (2048K), 2 survivors (2048K)
 Metaspace       used 77376K, capacity 79540K, committed 79744K, reserved 1118208K
  class space    used 10149K, capacity 10944K, committed 10956K, reserved 1048576K
}
Event: 17.360 GC heap before
{Heap before GC invocations=35 (full 0):
 garbage-first heap   total 145408K, used 115110K [0x00000000a0000000, 0x0000000100000000)
  region size 1024K, 33 young (33792K), 2 survivors (2048K)
 Metaspace       used 80071K, capacity 82303K, committed 82560K, reserved 1120256K
  class space    used 10530K, capacity 11349K, committed 11468K, reserved 1048576K
}
Event: 17.369 GC heap after
{Heap after GC invocations=36 (full 0):
 garbage-first heap   total 145408K, used 84826K [0x00000000a0000000, 0x0000000100000000)
  region size 1024K, 3 young (3072K), 3 survivors (3072K)
 Metaspace       used 80071K, capacity 82303K, committed 82560K, reserved 1120256K
  class space    used 10530K, capacity 11349K, committed 11468K, reserved 1048576K
}
Event: 18.092 GC heap before
{Heap before GC invocations=37 (full 0):
 garbage-first heap   total 145408K, used 116570K [0x00000000a0000000, 0x0000000100000000)
  region size 1024K, 34 young (34816K), 3 survivors (3072K)
 Metaspace       used 83265K, capacity 85454K, committed 85760K, reserved 1124352K
  class space    used 10940K, capacity 11741K, committed 11852K, reserved 1048576K
}
Event: 18.098 GC heap after
{Heap after GC invocations=38 (full 0):
 garbage-first heap   total 145408K, used 87415K [0x00000000a0000000, 0x0000000100000000)
  region size 1024K, 5 young (5120K), 5 survivors (5120K)
 Metaspace       used 83265K, capacity 85454K, committed 85760K, reserved 1124352K
  class space    used 10940K, capacity 11741K, committed 11852K, reserved 1048576K
}
Event: 18.737 GC heap before
{Heap before GC invocations=38 (full 0):
 garbage-first heap   total 145408K, used 117111K [0x00000000a0000000, 0x0000000100000000)
  region size 1024K, 35 young (35840K), 5 survivors (5120K)
 Metaspace       used 85249K, capacity 87567K, committed 87936K, reserved 1124352K
  class space    used 11272K, capacity 12121K, committed 12236K, reserved 1048576K
}
Event: 18.747 GC heap after
{Heap after GC invocations=39 (full 0):
 garbage-first heap   total 145408K, used 89919K [0x00000000a0000000, 0x0000000100000000)
  region size 1024K, 5 young (5120K), 5 survivors (5120K)
 Metaspace       used 85249K, capacity 87567K, committed 87936K, reserved 1124352K
  class space    used 11272K, capacity 12121K, committed 12236K, reserved 1048576K
}

Deoptimization events (20 events):
Event: 18.919 Thread 0x0000019962b44000 DEOPT PACKING pc=0x000001994845ac1e sp=0x0000003dcd4fbe30
Event: 18.919 Thread 0x0000019962b44000 DEOPT UNPACKING pc=0x0000019946e2a95e sp=0x0000003dcd4fb378 mode 0
Event: 18.919 Thread 0x0000019962b44000 DEOPT PACKING pc=0x000001994845acdd sp=0x0000003dcd4fbe30
Event: 18.919 Thread 0x0000019962b44000 DEOPT UNPACKING pc=0x0000019946e2a95e sp=0x0000003dcd4fb378 mode 0
Event: 18.919 Thread 0x0000019962b44000 DEOPT PACKING pc=0x00000199480ed2f0 sp=0x0000003dcd4fbd70
Event: 18.919 Thread 0x0000019962b44000 DEOPT UNPACKING pc=0x0000019946e2a95e sp=0x0000003dcd4fb280 mode 0
Event: 18.920 Thread 0x0000019962b44000 DEOPT PACKING pc=0x000001994845acdd sp=0x0000003dcd4fbe30
Event: 18.920 Thread 0x0000019962b44000 DEOPT UNPACKING pc=0x0000019946e2a95e sp=0x0000003dcd4fb378 mode 0
Event: 18.920 Thread 0x0000019962b44000 DEOPT PACKING pc=0x000001994845acdd sp=0x0000003dcd4fbe30
Event: 18.920 Thread 0x0000019962b44000 DEOPT UNPACKING pc=0x0000019946e2a95e sp=0x0000003dcd4fb378 mode 0
Event: 18.920 Thread 0x0000019962b44000 DEOPT PACKING pc=0x000001994845ac85 sp=0x0000003dcd4fbe30
Event: 18.920 Thread 0x0000019962b44000 DEOPT UNPACKING pc=0x0000019946e2a95e sp=0x0000003dcd4fb378 mode 0
Event: 18.927 Thread 0x0000019962b44000 Uncommon trap: trap_request=0xffffff4d fr.pc=0x000001994ed0b3f4 relative=0x0000000000000574
Event: 18.927 Thread 0x0000019962b44000 Uncommon trap: reason=unstable_if action=reinterpret pc=0x000001994ed0b3f4 method=org.gradle.internal.snapshot.VfsRelativePath.lengthOfCommonPrefix(Ljava/lang/String;Lorg/gradle/internal/snapshot/CaseSensitivity;)I @ 165 c2
Event: 18.927 Thread 0x0000019962b44000 DEOPT PACKING pc=0x000001994ed0b3f4 sp=0x0000003dcd4fcb50
Event: 18.927 Thread 0x0000019962b44000 DEOPT UNPACKING pc=0x0000019946e2a1af sp=0x0000003dcd4fcaf0 mode 2
Event: 18.990 Thread 0x0000019962b44000 Uncommon trap: trap_request=0xffffff4d fr.pc=0x000001994ed0e82c relative=0x0000000000000a4c
Event: 18.990 Thread 0x0000019962b44000 Uncommon trap: reason=unstable_if action=reinterpret pc=0x000001994ed0e82c method=org.gradle.internal.snapshot.VfsRelativePath.compareToFirstSegment(Ljava/lang/String;Lorg/gradle/internal/snapshot/CaseSensitivity;)I @ 134 c2
Event: 18.990 Thread 0x0000019962b44000 DEOPT PACKING pc=0x000001994ed0e82c sp=0x0000003dcd4f9cb0
Event: 18.990 Thread 0x0000019962b44000 DEOPT UNPACKING pc=0x0000019946e2a1af sp=0x0000003dcd4f9c40 mode 2

Classes redefined (0 events):
No events

Internal exceptions (20 events):
Event: 19.032 Thread 0x0000019962b44000 Exception <a 'java/lang/ClassNotFoundException'{0x00000000a801d638}: org/gradle/process/internal/DefaultExecActionBeanInfo> (0x00000000a801d638) thrown at [./src/hotspot/share/classfile/systemDictionary.cpp, line 231]
Event: 19.033 Thread 0x0000019962b44000 Exception <a 'java/lang/ClassNotFoundException'{0x00000000a804bec8}: org/gradle/process/internal/DefaultExecHandleBuilderBeanInfo> (0x00000000a804bec8) thrown at [./src/hotspot/share/classfile/systemDictionary.cpp, line 231]
Event: 19.034 Thread 0x0000019962b44000 Exception <a 'java/lang/ClassNotFoundException'{0x00000000a807ab68}: org/gradle/process/internal/AbstractExecHandleBuilderBeanInfo> (0x00000000a807ab68) thrown at [./src/hotspot/share/classfile/systemDictionary.cpp, line 231]
Event: 19.035 Thread 0x0000019962b44000 Exception <a 'java/lang/ClassNotFoundException'{0x00000000a80a9ff8}: org/gradle/process/internal/DefaultProcessForkOptionsBeanInfo> (0x00000000a80a9ff8) thrown at [./src/hotspot/share/classfile/systemDictionary.cpp, line 231]
Event: 19.036 Thread 0x0000019962b44000 Exception <a 'java/lang/ClassNotFoundException'{0x00000000a80d9610}: org/gradle/process/internal/DefaultProcessForkOptionsCustomizer> (0x00000000a80d9610) thrown at [./src/hotspot/share/classfile/systemDictionary.cpp, line 231]
Event: 19.038 Thread 0x0000019962b44000 Exception <a 'java/lang/ClassNotFoundException'{0x00000000a7f15b80}: org/gradle/process/internal/AbstractExecHandleBuilderCustomizer> (0x00000000a7f15b80) thrown at [./src/hotspot/share/classfile/systemDictionary.cpp, line 231]
Event: 19.039 Thread 0x0000019962b44000 Exception <a 'java/lang/ClassNotFoundException'{0x00000000a7f56258}: org/gradle/process/internal/DefaultExecHandleBuilderCustomizer> (0x00000000a7f56258) thrown at [./src/hotspot/share/classfile/systemDictionary.cpp, line 231]
Event: 19.041 Thread 0x0000019962b44000 Exception <a 'java/lang/ClassNotFoundException'{0x00000000a7fae138}: org/gradle/process/internal/DefaultExecActionCustomizer> (0x00000000a7fae138) thrown at [./src/hotspot/share/classfile/systemDictionary.cpp, line 231]
Event: 19.043 Thread 0x0000019962b44000 Exception <a 'java/lang/ClassNotFoundException'{0x00000000a7fe6ce0}: org/gradle/process/internal/DefaultExecAction_DecoratedCustomizer> (0x00000000a7fe6ce0) thrown at [./src/hotspot/share/classfile/systemDictionary.cpp, line 231]
Event: 19.046 Thread 0x0000019962b44000 Exception <a 'java/lang/ClassNotFoundException'{0x00000000a7e3b720}: org/gradle/api/logging/LogLevelBeanInfo> (0x00000000a7e3b720) thrown at [./src/hotspot/share/classfile/systemDictionary.cpp, line 231]
Event: 19.047 Thread 0x0000019962b44000 Exception <a 'java/lang/ClassNotFoundException'{0x00000000a7e61b90}: org/gradle/api/logging/LogLevelCustomizer> (0x00000000a7e61b90) thrown at [./src/hotspot/share/classfile/systemDictionary.cpp, line 231]
Event: 19.053 Thread 0x0000019962b44000 Exception <a 'java/lang/ClassNotFoundException'{0x00000000a7ecd070}: org/gradle/internal/logging/services/DefaultLoggingManagerBeanInfo> (0x00000000a7ecd070) thrown at [./src/hotspot/share/classfile/systemDictionary.cpp, line 231]
Event: 19.054 Thread 0x0000019962b44000 Exception <a 'java/lang/ClassNotFoundException'{0x00000000a7efcbe8}: org/gradle/internal/logging/services/DefaultLoggingManagerCustomizer> (0x00000000a7efcbe8) thrown at [./src/hotspot/share/classfile/systemDictionary.cpp, line 231]
Event: 19.059 Thread 0x0000019962b44000 Exception <a 'java/lang/ClassNotFoundException'{0x00000000a7d36070}: java/lang/BooleanBeanInfo> (0x00000000a7d36070) thrown at [./src/hotspot/share/classfile/systemDictionary.cpp, line 231]
Event: 19.059 Thread 0x0000019962b44000 Exception <a 'java/lang/ClassNotFoundException'{0x00000000a7d3f8b8}: java/lang/BooleanCustomizer> (0x00000000a7d3f8b8) thrown at [./src/hotspot/share/classfile/systemDictionary.cpp, line 231]
Event: 19.135 Thread 0x0000019965d4f000 Exception <a 'java/lang/NoSuchMethodError'{0x00000000a7dc7bb0}: 'void java.lang.invoke.DirectMethodHandle$Holder.invokeStatic(java.lang.Object, long)'> (0x00000000a7dc7bb0) thrown at [./src/hotspot/share/interpreter/linkResolver.cpp, line 773]
Event: 19.135 Thread 0x0000019965d4f000 Exception <a 'java/lang/NoSuchMethodError'{0x00000000a7dccd70}: 'java.lang.Object java.lang.invoke.DirectMethodHandle$Holder.invokeStatic(java.lang.Object, long)'> (0x00000000a7dccd70) thrown at [./src/hotspot/share/interpreter/linkResolver.cpp, line 773]
Event: 19.138 Thread 0x0000019965d4f000 Exception <a 'java/lang/NoSuchMethodError'{0x00000000a7ddb028}: 'java.lang.Object java.lang.invoke.DirectMethodHandle$Holder.invokeStaticInit(java.lang.Object, java.lang.Object, long, java.lang.Object)'> (0x00000000a7ddb028) thrown at [./src/hotspot/share/interpreter/linkResolver.cpp, line 773]
Event: 19.139 Thread 0x0000019965d4f000 Exception <a 'java/lang/NoSuchMethodError'{0x00000000a7de0f18}: 'java.lang.Object java.lang.invoke.DirectMethodHandle$Holder.invokeStatic(java.lang.Object, java.lang.Object, long)'> (0x00000000a7de0f18) thrown at [./src/hotspot/share/interpreter/linkResolver.cpp, line 773]
Event: 19.140 Thread 0x0000019965d4f000 Exception <a 'java/lang/NoSuchMethodError'{0x00000000a7de71e8}: 'java.lang.Object java.lang.invoke.Invokers$Holder.linkToTargetMethod(java.lang.Object, long, java.lang.Object)'> (0x00000000a7de71e8) thrown at [./src/hotspot/share/interpreter/linkResolver.cpp, line 773]

Events (20 events):
Event: 19.140 loading class java/lang/ProcessImpl$2 done
Event: 19.140 loading class java/lang/Process$PipeInputStream
Event: 19.140 loading class java/lang/Process$PipeInputStream done
Event: 19.140 Executing VM operation: Deoptimize
Event: 19.142 Executing VM operation: Deoptimize done
Event: 19.142 loading class org/gradle/process/internal/streams/ExecOutputHandleRunner
Event: 19.142 loading class org/gradle/process/internal/streams/ExecOutputHandleRunner done
Event: 19.145 Thread 0x0000019965d54000 Thread added: 0x0000019965d54000
Event: 19.145 Thread 0x0000019965d51000 Thread added: 0x0000019965d51000
Event: 20.473 Thread 0x000001995e578800 Thread exited: 0x000001995e578800
Event: 26.085 loading class org/gradle/internal/logging/events/StyledTextOutputEvent$Span
Event: 26.085 loading class org/gradle/internal/logging/events/StyledTextOutputEvent$Span done
Event: 26.085 loading class org/gradle/internal/logging/events/operations/StyledTextBuildOperationProgressDetails$Span
Event: 26.085 loading class org/gradle/internal/logging/events/operations/StyledTextBuildOperationProgressDetails$Span done
Event: 26.086 loading class org/gradle/internal/operations/logging/StyledTextBuildOperationProgressDetails$Span
Event: 26.086 loading class org/gradle/internal/operations/logging/StyledTextBuildOperationProgressDetails$Span done
Event: 26.086 Executing VM operation: RevokeBias
Event: 26.086 Executing VM operation: RevokeBias done
Event: 26.086 Executing VM operation: RevokeBias
Event: 26.086 Executing VM operation: RevokeBias done


Dynamic libraries:
0x00007ff64a830000 - 0x00007ff64a83a000 	C:\Program Files\Android\Android Studio1\jre\bin\java.exe
0x00007ffb0e6d0000 - 0x00007ffb0e8e4000 	C:\WINDOWS\SYSTEM32\ntdll.dll
0x00007ffb0db80000 - 0x00007ffb0dc42000 	C:\WINDOWS\System32\KERNEL32.DLL
0x00007ffb0be20000 - 0x00007ffb0c1bc000 	C:\WINDOWS\System32\KERNELBASE.dll
0x00007ffb08f40000 - 0x00007ffb08fd6000 	C:\WINDOWS\SYSTEM32\apphelp.dll
0x00007ffb0bb10000 - 0x00007ffb0bc21000 	C:\WINDOWS\System32\ucrtbase.dll
0x00007ffae6f80000 - 0x00007ffae6f99000 	C:\Program Files\Android\Android Studio1\jre\bin\jli.dll
0x00007ffae70a0000 - 0x00007ffae70b7000 	C:\Program Files\Android\Android Studio1\jre\bin\VCRUNTIME140.dll
0x00007ffb0d830000 - 0x00007ffb0d9db000 	C:\WINDOWS\System32\USER32.dll
0x00007ffb0c1c0000 - 0x00007ffb0c1e6000 	C:\WINDOWS\System32\win32u.dll
0x00007ffae6cb0000 - 0x00007ffae6f3e000 	C:\WINDOWS\WinSxS\amd64_microsoft.windows.common-controls_6595b64144ccf1df_6.0.22621.608_none_a9444ca7c10bb01d\COMCTL32.dll
0x00007ffb0dcb0000 - 0x00007ffb0dcd9000 	C:\WINDOWS\System32\GDI32.dll
0x00007ffb0d780000 - 0x00007ffb0d827000 	C:\WINDOWS\System32\msvcrt.dll
0x00007ffb0c350000 - 0x00007ffb0c463000 	C:\WINDOWS\System32\gdi32full.dll
0x00007ffb0c1f0000 - 0x00007ffb0c28a000 	C:\WINDOWS\System32\msvcp_win.dll
0x00007ffb0e250000 - 0x00007ffb0e281000 	C:\WINDOWS\System32\IMM32.DLL
0x00007ffabd120000 - 0x00007ffabd1bd000 	C:\Program Files\Android\Android Studio1\jre\bin\msvcp140.dll
0x00007ffa6e730000 - 0x00007ffa6f215000 	C:\Program Files\Android\Android Studio1\jre\bin\server\jvm.dll
0x00007ffb0cfd0000 - 0x00007ffb0d07e000 	C:\WINDOWS\System32\ADVAPI32.dll
0x00007ffb0d250000 - 0x00007ffb0d2f4000 	C:\WINDOWS\System32\sechost.dll
0x00007ffb0ce40000 - 0x00007ffb0cf57000 	C:\WINDOWS\System32\RPCRT4.dll
0x00007ffb0d080000 - 0x00007ffb0d088000 	C:\WINDOWS\System32\PSAPI.DLL
0x00007ffaebf00000 - 0x00007ffaebf09000 	C:\WINDOWS\SYSTEM32\WSOCK32.dll
0x00007ffb05740000 - 0x00007ffb05774000 	C:\WINDOWS\SYSTEM32\WINMM.dll
0x00007ffb03ff0000 - 0x00007ffb03ffa000 	C:\WINDOWS\SYSTEM32\VERSION.dll
0x00007ffb0dd00000 - 0x00007ffb0dd71000 	C:\WINDOWS\System32\WS2_32.dll
0x00007ffb0ab60000 - 0x00007ffb0ab78000 	C:\WINDOWS\SYSTEM32\kernel.appcore.dll
0x00007ffae5810000 - 0x00007ffae5821000 	C:\Program Files\Android\Android Studio1\jre\bin\verify.dll
0x00007ffaf99a0000 - 0x00007ffaf9bce000 	C:\WINDOWS\SYSTEM32\DBGHELP.DLL
0x00007ffb0de10000 - 0x00007ffb0e199000 	C:\WINDOWS\System32\combase.dll
0x00007ffb0e330000 - 0x00007ffb0e407000 	C:\WINDOWS\System32\OLEAUT32.dll
0x00007ffaee640000 - 0x00007ffaee672000 	C:\WINDOWS\SYSTEM32\dbgcore.DLL
0x00007ffb0bc30000 - 0x00007ffb0bcab000 	C:\WINDOWS\System32\bcryptPrimitives.dll
0x00007ffae57e0000 - 0x00007ffae5809000 	C:\Program Files\Android\Android Studio1\jre\bin\java.dll
0x00007ffae74d0000 - 0x00007ffae74db000 	C:\Program Files\Android\Android Studio1\jre\bin\jimage.dll
0x00007ffae26c0000 - 0x00007ffae26d8000 	C:\Program Files\Android\Android Studio1\jre\bin\zip.dll
0x00007ffb0c5e0000 - 0x00007ffb0cdd0000 	C:\WINDOWS\System32\SHELL32.dll
0x00007ffb09b20000 - 0x00007ffb0a3ed000 	C:\WINDOWS\SYSTEM32\windows.storage.dll
0x00007ffb099e0000 - 0x00007ffb09b1e000 	C:\WINDOWS\SYSTEM32\wintypes.dll
0x00007ffb0e410000 - 0x00007ffb0e501000 	C:\WINDOWS\System32\SHCORE.dll
0x00007ffb0dc50000 - 0x00007ffb0dcae000 	C:\WINDOWS\System32\shlwapi.dll
0x00007ffb0ba40000 - 0x00007ffb0ba61000 	C:\WINDOWS\SYSTEM32\profapi.dll
0x00007ffad96f0000 - 0x00007ffad970a000 	C:\Program Files\Android\Android Studio1\jre\bin\net.dll
0x00007ffb04f00000 - 0x00007ffb05037000 	C:\WINDOWS\SYSTEM32\WINHTTP.dll
0x00007ffb0afd0000 - 0x00007ffb0b039000 	C:\WINDOWS\system32\mswsock.dll
0x00007ffad92f0000 - 0x00007ffad9304000 	C:\Program Files\Android\Android Studio1\jre\bin\nio.dll
0x00007ffacb9a0000 - 0x00007ffacb9c7000 	C:\Users\abina\.gradle\native\e1d6ef7f7dcc3fd88c89a11ec53ec762bb8ba0a96d01ffa2cd45eb1d1d8dd5c5\windows-amd64\native-platform.dll
0x00007ffab77e0000 - 0x00007ffab7924000 	C:\Users\abina\.gradle\native\0d407fdbe67a94daf76414ababcb853783967236a71b16ec16e742cd7a986fd3\windows-amd64\native-platform-file-events.dll
0x00007ffae73e0000 - 0x00007ffae73ea000 	C:\Program Files\Android\Android Studio1\jre\bin\management.dll
0x00007ffae72f0000 - 0x00007ffae72fd000 	C:\Program Files\Android\Android Studio1\jre\bin\management_ext.dll
0x00007ffb0b240000 - 0x00007ffb0b25b000 	C:\WINDOWS\SYSTEM32\CRYPTSP.dll
0x00007ffb0aad0000 - 0x00007ffb0ab05000 	C:\WINDOWS\system32\rsaenh.dll
0x00007ffb0b0d0000 - 0x00007ffb0b0f8000 	C:\WINDOWS\SYSTEM32\USERENV.dll
0x00007ffb0b3f0000 - 0x00007ffb0b418000 	C:\WINDOWS\SYSTEM32\bcrypt.dll
0x00007ffb0b230000 - 0x00007ffb0b23c000 	C:\WINDOWS\SYSTEM32\CRYPTBASE.dll
0x00007ffb0a640000 - 0x00007ffb0a66d000 	C:\WINDOWS\SYSTEM32\IPHLPAPI.DLL
0x00007ffb0dcf0000 - 0x00007ffb0dcf9000 	C:\WINDOWS\System32\NSI.dll
0x00007ffb053e0000 - 0x00007ffb053f9000 	C:\WINDOWS\SYSTEM32\dhcpcsvc6.DLL
0x00007ffb053c0000 - 0x00007ffb053df000 	C:\WINDOWS\SYSTEM32\dhcpcsvc.DLL
0x00007ffb0a6b0000 - 0x00007ffb0a7a3000 	C:\WINDOWS\SYSTEM32\DNSAPI.dll

dbghelp: loaded successfully - version: 4.0.5 - missing functions: none
symbol engine: initialized successfully - sym options: 0x614 - pdb path: .;C:\Program Files\Android\Android Studio1\jre\bin;C:\WINDOWS\SYSTEM32;C:\WINDOWS\WinSxS\amd64_microsoft.windows.common-controls_6595b64144ccf1df_6.0.22621.608_none_a9444ca7c10bb01d;C:\Program Files\Android\Android Studio1\jre\bin\server;C:\Users\abina\.gradle\native\e1d6ef7f7dcc3fd88c89a11ec53ec762bb8ba0a96d01ffa2cd45eb1d1d8dd5c5\windows-amd64;C:\Users\abina\.gradle\native\0d407fdbe67a94daf76414ababcb853783967236a71b16ec16e742cd7a986fd3\windows-amd64

VM Arguments:
jvm_args: --add-opens=java.base/java.util=ALL-UNNAMED --add-opens=java.base/java.lang=ALL-UNNAMED --add-opens=java.base/java.lang.invoke=ALL-UNNAMED --add-opens=java.base/java.util=ALL-UNNAMED --add-opens=java.prefs/java.util.prefs=ALL-UNNAMED --add-opens=java.prefs/java.util.prefs=ALL-UNNAMED --add-opens=java.base/java.nio.charset=ALL-UNNAMED --add-opens=java.base/java.net=ALL-UNNAMED --add-opens=java.base/java.util.concurrent.atomic=ALL-UNNAMED -Xmx1536M -Dfile.encoding=windows-1252 -Duser.country=IN -Duser.language=en -Duser.variant 
java_command: org.gradle.launcher.daemon.bootstrap.GradleDaemon 7.4
java_class_path (initial): C:\Users\abina\.gradle\wrapper\dists\gradle-7.4-all\aadb4xli5jkdsnukm30eibyiu\gradle-7.4\lib\gradle-launcher-7.4.jar
Launcher Type: SUN_STANDARD

[Global flags]
     intx CICompilerCount                          = 4                                         {product} {ergonomic}
     uint ConcGCThreads                            = 3                                         {product} {ergonomic}
     uint G1ConcRefinementThreads                  = 10                                        {product} {ergonomic}
   size_t G1HeapRegionSize                         = 1048576                                   {product} {ergonomic}
    uintx GCDrainStackTargetSize                   = 64                                        {product} {ergonomic}
   size_t InitialHeapSize                          = 123731968                                 {product} {ergonomic}
   size_t MarkStackSize                            = 4194304                                   {product} {ergonomic}
   size_t MaxHeapSize                              = 1610612736                                {product} {command line}
   size_t MaxNewSize                               = 965738496                                 {product} {ergonomic}
   size_t MinHeapDeltaBytes                        = 1048576                                   {product} {ergonomic}
    uintx NonNMethodCodeHeapSize                   = 5836300                                {pd product} {ergonomic}
    uintx NonProfiledCodeHeapSize                  = 122910970                              {pd product} {ergonomic}
    uintx ProfiledCodeHeapSize                     = 122910970                              {pd product} {ergonomic}
    uintx ReservedCodeCacheSize                    = 251658240                              {pd product} {ergonomic}
     bool SegmentedCodeCache                       = true                                      {product} {ergonomic}
     bool UseCompressedClassPointers               = true                                 {lp64_product} {ergonomic}
     bool UseCompressedOops                        = true                                 {lp64_product} {ergonomic}
     bool UseG1GC                                  = true                                      {product} {ergonomic}
     bool UseLargePagesIndividualAllocation        = false                                  {pd product} {ergonomic}

Logging:
Log output configuration:
 #0: stdout all=warning uptime,level,tags
 #1: stderr all=off uptime,level,tags

Environment Variables:
JAVA_HOME=C:\Program Files\Android\Android Studio1\jre
CLASSPATH=C:\Users\abina\StudioProjects\abin_second_app\android\\gradle\wrapper\gradle-wrapper.jar
PATH=C:\Users\abina\Downloads\WINDOWS.X64_193000_db_home\bin;C:\Python311\Scripts\;C:\Python311\;C:\Program Files\Microsoft\jdk-11.0.12.7-hotspot\bin;C:\windows\system32;C:\windows;C:\windows\System32\Wbem;C:\windows\System32\WindowsPowerShell\v1.0\;C:\windows\System32\OpenSSH\;C:\Program Files (x86)\NVIDIA Corporation\PhysX\Common;C:\Program Files\NVIDIA Corporation\NVIDIA NvDLISR;C:\WINDOWS\system32;C:\WINDOWS;C:\WINDOWS\System32\Wbem;C:\WINDOWS\System32\WindowsPowerShell\v1.0\;C:\WINDOWS\System32\OpenSSH\;C:\Program Files\Git\cmd;C:\Program Files\Git\mingw64\bin;C:\Program Files\Git\usr\bin;C:\Program Files\MySQL\MySQL Server 8.0\bin;C:\Program Files\nodejs\;C:\ProgramData\chocolatey\bin;C:\Program Files\MySQL\MySQL Shell 8.0\bin\;C:\Users\abina\AppData\Local\Microsoft\WindowsApps;C:\Flutter\flutter\bin;;C:\Users\abina\AppData\Local\Programs\Microsoft VS Code\bin;C:\Users\abina\AppData\Roaming\npm;C:\Flutter\flutter\bin\mingit\cmd
USERNAME=abina
OS=Windows_NT
PROCESSOR_IDENTIFIER=AMD64 Family 25 Model 80 Stepping 0, AuthenticAMD



---------------  S Y S T E M  ---------------

OS: Windows 10 , 64 bit Build 22621 (10.0.22621.1485)
OS uptime: 17 days 12:56 hours

CPU:total 12 (initial active 12) (12 cores per cpu, 2 threads per core) family 25 model 80 stepping 0 microcode 0x0, cmov, cx8, fxsr, mmx, sse, sse2, sse3, ssse3, sse4.1, sse4.2, popcnt, avx, avx2, aes, clmul, erms, mmxext, 3dnowpref, lzcnt, sse4a, ht, tsc, tscinvbit, tscinv, bmi1, bmi2, adx, sha, fma

Memory: 4k page, system-wide physical 7521M (552M free)
TotalPageFile size 26162M (AvailPageFile size 537M)
current process WorkingSet (physical memory assigned to process): 369M, peak: 405M
current process commit charge ("private bytes"): 424M, peak: 449M

vm_info: OpenJDK 64-Bit Server VM (11.0.12+7-b1504.28-7817840) for windows-amd64 JRE (11.0.12+7-b1504.28-7817840), built on Oct 13 2021 22:12:33 by "builder" with MS VC++ 14.0 (VS2015)

END.
